{
  "C:/Users/Laptop/Documents/Web/anime-recommendations/src/components/Buttons/GetRecButton/GetRecButton.jsx": {
    "path": "C:/Users/Laptop/Documents/Web/anime-recommendations/src/components/Buttons/GetRecButton/GetRecButton.jsx",
    "statementMap": {
      "0": {
        "start": {
          "line": 5,
          "column": 2
        },
        "end": {
          "line": 9,
          "column": 11
        }
      },
      "1": {
        "start": {
          "line": 11,
          "column": 0
        },
        "end": {
          "line": 11,
          "column": 18
        }
      },
      "2": {
        "start": {
          "line": 14,
          "column": 0
        },
        "end": {
          "line": 14,
          "column": 33
        }
      },
      "3": {
        "start": {
          "line": 16,
          "column": 20
        },
        "end": {
          "line": 16,
          "column": 97
        }
      },
      "4": {
        "start": {
          "line": 17,
          "column": 0
        },
        "end": {
          "line": 31,
          "column": 1
        }
      },
      "5": {
        "start": {
          "line": 18,
          "column": 2
        },
        "end": {
          "line": 22,
          "column": 3
        }
      },
      "6": {
        "start": {
          "line": 19,
          "column": 4
        },
        "end": {
          "line": 21,
          "column": 6
        }
      },
      "7": {
        "start": {
          "line": 23,
          "column": 2
        },
        "end": {
          "line": 30,
          "column": 5
        }
      },
      "8": {
        "start": {
          "line": 24,
          "column": 4
        },
        "end": {
          "line": 24,
          "column": 174
        }
      },
      "9": {
        "start": {
          "line": 25,
          "column": 4
        },
        "end": {
          "line": 29,
          "column": 7
        }
      },
      "10": {
        "start": {
          "line": 26,
          "column": 6
        },
        "end": {
          "line": 26,
          "column": 31
        }
      },
      "11": {
        "start": {
          "line": 26,
          "column": 24
        },
        "end": {
          "line": 26,
          "column": 31
        }
      },
      "12": {
        "start": {
          "line": 27,
          "column": 32
        },
        "end": {
          "line": 27,
          "column": 223
        }
      },
      "13": {
        "start": {
          "line": 28,
          "column": 6
        },
        "end": {
          "line": 28,
          "column": 75
        }
      },
      "14": {
        "start": {
          "line": 28,
          "column": 29
        },
        "end": {
          "line": 28,
          "column": 75
        }
      },
      "15": {
        "start": {
          "line": 33,
          "column": 2
        },
        "end": {
          "line": 33,
          "column": 153
        }
      },
      "16": {
        "start": {
          "line": 36,
          "column": 2
        },
        "end": {
          "line": 36,
          "column": 62
        }
      }
    },
    "fnMap": {
      "0": {
        "name": "GetRecButton",
        "decl": {
          "start": {
            "line": 4,
            "column": 9
          },
          "end": {
            "line": 4,
            "column": 21
          }
        },
        "loc": {
          "start": {
            "line": 4,
            "column": 24
          },
          "end": {
            "line": 10,
            "column": 1
          }
        },
        "line": 4
      },
      "1": {
        "name": "(anonymous_1)",
        "decl": {
          "start": {
            "line": 23,
            "column": 52
          },
          "end": {
            "line": 23,
            "column": 53
          }
        },
        "loc": {
          "start": {
            "line": 23,
            "column": 72
          },
          "end": {
            "line": 30,
            "column": 3
          }
        },
        "line": 23
      },
      "2": {
        "name": "(anonymous_2)",
        "decl": {
          "start": {
            "line": 25,
            "column": 27
          },
          "end": {
            "line": 25,
            "column": 28
          }
        },
        "loc": {
          "start": {
            "line": 25,
            "column": 44
          },
          "end": {
            "line": 29,
            "column": 5
          }
        },
        "line": 25
      },
      "3": {
        "name": "$RefreshReg$",
        "decl": {
          "start": {
            "line": 32,
            "column": 9
          },
          "end": {
            "line": 32,
            "column": 21
          }
        },
        "loc": {
          "start": {
            "line": 32,
            "column": 32
          },
          "end": {
            "line": 34,
            "column": 1
          }
        },
        "line": 32
      },
      "4": {
        "name": "$RefreshSig$",
        "decl": {
          "start": {
            "line": 35,
            "column": 9
          },
          "end": {
            "line": 35,
            "column": 21
          }
        },
        "loc": {
          "start": {
            "line": 35,
            "column": 24
          },
          "end": {
            "line": 37,
            "column": 1
          }
        },
        "line": 35
      }
    },
    "branchMap": {
      "0": {
        "loc": {
          "start": {
            "line": 16,
            "column": 20
          },
          "end": {
            "line": 16,
            "column": 97
          }
        },
        "type": "binary-expr",
        "locations": [
          {
            "start": {
              "line": 16,
              "column": 20
            },
            "end": {
              "line": 16,
              "column": 60
            }
          },
          {
            "start": {
              "line": 16,
              "column": 64
            },
            "end": {
              "line": 16,
              "column": 97
            }
          }
        ],
        "line": 16
      },
      "1": {
        "loc": {
          "start": {
            "line": 17,
            "column": 0
          },
          "end": {
            "line": 31,
            "column": 1
          }
        },
        "type": "if",
        "locations": [
          {
            "start": {
              "line": 17,
              "column": 0
            },
            "end": {
              "line": 31,
              "column": 1
            }
          },
          {
            "start": {},
            "end": {}
          }
        ],
        "line": 17
      },
      "2": {
        "loc": {
          "start": {
            "line": 17,
            "column": 4
          },
          "end": {
            "line": 17,
            "column": 35
          }
        },
        "type": "binary-expr",
        "locations": [
          {
            "start": {
              "line": 17,
              "column": 4
            },
            "end": {
              "line": 17,
              "column": 19
            }
          },
          {
            "start": {
              "line": 17,
              "column": 23
            },
            "end": {
              "line": 17,
              "column": 35
            }
          }
        ],
        "line": 17
      },
      "3": {
        "loc": {
          "start": {
            "line": 18,
            "column": 2
          },
          "end": {
            "line": 22,
            "column": 3
          }
        },
        "type": "if",
        "locations": [
          {
            "start": {
              "line": 18,
              "column": 2
            },
            "end": {
              "line": 22,
              "column": 3
            }
          },
          {
            "start": {},
            "end": {}
          }
        ],
        "line": 18
      },
      "4": {
        "loc": {
          "start": {
            "line": 26,
            "column": 6
          },
          "end": {
            "line": 26,
            "column": 31
          }
        },
        "type": "if",
        "locations": [
          {
            "start": {
              "line": 26,
              "column": 6
            },
            "end": {
              "line": 26,
              "column": 31
            }
          },
          {
            "start": {},
            "end": {}
          }
        ],
        "line": 26
      },
      "5": {
        "loc": {
          "start": {
            "line": 28,
            "column": 6
          },
          "end": {
            "line": 28,
            "column": 75
          }
        },
        "type": "if",
        "locations": [
          {
            "start": {
              "line": 28,
              "column": 6
            },
            "end": {
              "line": 28,
              "column": 75
            }
          },
          {
            "start": {},
            "end": {}
          }
        ],
        "line": 28
      }
    },
    "s": {
      "0": 0,
      "1": 2,
      "2": 2,
      "3": 2,
      "4": 2,
      "5": 2,
      "6": 0,
      "7": 2,
      "8": 2,
      "9": 2,
      "10": 0,
      "11": 0,
      "12": 0,
      "13": 0,
      "14": 0,
      "15": 2,
      "16": 0
    },
    "f": {
      "0": 0,
      "1": 2,
      "2": 0,
      "3": 2,
      "4": 0
    },
    "b": {
      "0": [
        2,
        0
      ],
      "1": [
        2,
        0
      ],
      "2": [
        2,
        2
      ],
      "3": [
        0,
        2
      ],
      "4": [
        0,
        0
      ],
      "5": [
        0,
        0
      ]
    },
    "inputSourceMap": {
      "version": 3,
      "mappings": "AAKQ;AALR,SAASA,YAAY;AACrB,OAAO;AAEP,SAASC,eAAe;AACpB,SACI,uBAAC,QAAK,IAAG,SAAQ,WAAU,kBAAiB,qCAA5C;AAAA;AAAA;AAAA;AAAA,SAEA;AAER;AAACC,KANQD;AAQT,eAAeA;AAAa,IAAAC;AAAAC,aAAAD,IAAA",
      "names": [
        "Link",
        "GetRecButton",
        "_c",
        "$RefreshReg$"
      ],
      "ignoreList": [],
      "sources": [
        "C:/Users/Laptop/Documents/Web/anime-recommendations/src/components/Buttons/GetRecButton/GetRecButton.jsx"
      ],
      "file": "C:/Users/Laptop/Documents/Web/anime-recommendations/src/components/Buttons/GetRecButton/GetRecButton.jsx"
    },
    "_coverageSchema": "1a1c01bbd47fc00a2c39e90264f33305004495a9",
    "hash": "c992e5ef7c5d7be85a4c45e684e96a09cb20d639"
  },
  "C:/Users/Laptop/Documents/Web/anime-recommendations/src/components/Hero/Hero.jsx": {
    "path": "C:/Users/Laptop/Documents/Web/anime-recommendations/src/components/Hero/Hero.jsx",
    "statementMap": {
      "0": {
        "start": {
          "line": 5,
          "column": 2
        },
        "end": {
          "line": 29,
          "column": 11
        }
      },
      "1": {
        "start": {
          "line": 31,
          "column": 0
        },
        "end": {
          "line": 31,
          "column": 10
        }
      },
      "2": {
        "start": {
          "line": 34,
          "column": 0
        },
        "end": {
          "line": 34,
          "column": 25
        }
      },
      "3": {
        "start": {
          "line": 36,
          "column": 20
        },
        "end": {
          "line": 36,
          "column": 97
        }
      },
      "4": {
        "start": {
          "line": 37,
          "column": 0
        },
        "end": {
          "line": 51,
          "column": 1
        }
      },
      "5": {
        "start": {
          "line": 38,
          "column": 2
        },
        "end": {
          "line": 42,
          "column": 3
        }
      },
      "6": {
        "start": {
          "line": 39,
          "column": 4
        },
        "end": {
          "line": 41,
          "column": 6
        }
      },
      "7": {
        "start": {
          "line": 43,
          "column": 2
        },
        "end": {
          "line": 50,
          "column": 5
        }
      },
      "8": {
        "start": {
          "line": 44,
          "column": 4
        },
        "end": {
          "line": 44,
          "column": 150
        }
      },
      "9": {
        "start": {
          "line": 45,
          "column": 4
        },
        "end": {
          "line": 49,
          "column": 7
        }
      },
      "10": {
        "start": {
          "line": 46,
          "column": 6
        },
        "end": {
          "line": 46,
          "column": 31
        }
      },
      "11": {
        "start": {
          "line": 46,
          "column": 24
        },
        "end": {
          "line": 46,
          "column": 31
        }
      },
      "12": {
        "start": {
          "line": 47,
          "column": 32
        },
        "end": {
          "line": 47,
          "column": 199
        }
      },
      "13": {
        "start": {
          "line": 48,
          "column": 6
        },
        "end": {
          "line": 48,
          "column": 75
        }
      },
      "14": {
        "start": {
          "line": 48,
          "column": 29
        },
        "end": {
          "line": 48,
          "column": 75
        }
      },
      "15": {
        "start": {
          "line": 53,
          "column": 2
        },
        "end": {
          "line": 53,
          "column": 129
        }
      },
      "16": {
        "start": {
          "line": 56,
          "column": 2
        },
        "end": {
          "line": 56,
          "column": 62
        }
      }
    },
    "fnMap": {
      "0": {
        "name": "Hero",
        "decl": {
          "start": {
            "line": 4,
            "column": 9
          },
          "end": {
            "line": 4,
            "column": 13
          }
        },
        "loc": {
          "start": {
            "line": 4,
            "column": 16
          },
          "end": {
            "line": 30,
            "column": 1
          }
        },
        "line": 4
      },
      "1": {
        "name": "(anonymous_1)",
        "decl": {
          "start": {
            "line": 43,
            "column": 52
          },
          "end": {
            "line": 43,
            "column": 53
          }
        },
        "loc": {
          "start": {
            "line": 43,
            "column": 72
          },
          "end": {
            "line": 50,
            "column": 3
          }
        },
        "line": 43
      },
      "2": {
        "name": "(anonymous_2)",
        "decl": {
          "start": {
            "line": 45,
            "column": 27
          },
          "end": {
            "line": 45,
            "column": 28
          }
        },
        "loc": {
          "start": {
            "line": 45,
            "column": 44
          },
          "end": {
            "line": 49,
            "column": 5
          }
        },
        "line": 45
      },
      "3": {
        "name": "$RefreshReg$",
        "decl": {
          "start": {
            "line": 52,
            "column": 9
          },
          "end": {
            "line": 52,
            "column": 21
          }
        },
        "loc": {
          "start": {
            "line": 52,
            "column": 32
          },
          "end": {
            "line": 54,
            "column": 1
          }
        },
        "line": 52
      },
      "4": {
        "name": "$RefreshSig$",
        "decl": {
          "start": {
            "line": 55,
            "column": 9
          },
          "end": {
            "line": 55,
            "column": 21
          }
        },
        "loc": {
          "start": {
            "line": 55,
            "column": 24
          },
          "end": {
            "line": 57,
            "column": 1
          }
        },
        "line": 55
      }
    },
    "branchMap": {
      "0": {
        "loc": {
          "start": {
            "line": 36,
            "column": 20
          },
          "end": {
            "line": 36,
            "column": 97
          }
        },
        "type": "binary-expr",
        "locations": [
          {
            "start": {
              "line": 36,
              "column": 20
            },
            "end": {
              "line": 36,
              "column": 60
            }
          },
          {
            "start": {
              "line": 36,
              "column": 64
            },
            "end": {
              "line": 36,
              "column": 97
            }
          }
        ],
        "line": 36
      },
      "1": {
        "loc": {
          "start": {
            "line": 37,
            "column": 0
          },
          "end": {
            "line": 51,
            "column": 1
          }
        },
        "type": "if",
        "locations": [
          {
            "start": {
              "line": 37,
              "column": 0
            },
            "end": {
              "line": 51,
              "column": 1
            }
          },
          {
            "start": {},
            "end": {}
          }
        ],
        "line": 37
      },
      "2": {
        "loc": {
          "start": {
            "line": 37,
            "column": 4
          },
          "end": {
            "line": 37,
            "column": 35
          }
        },
        "type": "binary-expr",
        "locations": [
          {
            "start": {
              "line": 37,
              "column": 4
            },
            "end": {
              "line": 37,
              "column": 19
            }
          },
          {
            "start": {
              "line": 37,
              "column": 23
            },
            "end": {
              "line": 37,
              "column": 35
            }
          }
        ],
        "line": 37
      },
      "3": {
        "loc": {
          "start": {
            "line": 38,
            "column": 2
          },
          "end": {
            "line": 42,
            "column": 3
          }
        },
        "type": "if",
        "locations": [
          {
            "start": {
              "line": 38,
              "column": 2
            },
            "end": {
              "line": 42,
              "column": 3
            }
          },
          {
            "start": {},
            "end": {}
          }
        ],
        "line": 38
      },
      "4": {
        "loc": {
          "start": {
            "line": 46,
            "column": 6
          },
          "end": {
            "line": 46,
            "column": 31
          }
        },
        "type": "if",
        "locations": [
          {
            "start": {
              "line": 46,
              "column": 6
            },
            "end": {
              "line": 46,
              "column": 31
            }
          },
          {
            "start": {},
            "end": {}
          }
        ],
        "line": 46
      },
      "5": {
        "loc": {
          "start": {
            "line": 48,
            "column": 6
          },
          "end": {
            "line": 48,
            "column": 75
          }
        },
        "type": "if",
        "locations": [
          {
            "start": {
              "line": 48,
              "column": 6
            },
            "end": {
              "line": 48,
              "column": 75
            }
          },
          {
            "start": {},
            "end": {}
          }
        ],
        "line": 48
      }
    },
    "s": {
      "0": 0,
      "1": 2,
      "2": 2,
      "3": 2,
      "4": 2,
      "5": 2,
      "6": 0,
      "7": 2,
      "8": 2,
      "9": 2,
      "10": 0,
      "11": 0,
      "12": 0,
      "13": 0,
      "14": 0,
      "15": 2,
      "16": 0
    },
    "f": {
      "0": 0,
      "1": 2,
      "2": 0,
      "3": 2,
      "4": 0
    },
    "b": {
      "0": [
        2,
        0
      ],
      "1": [
        2,
        0
      ],
      "2": [
        2,
        2
      ],
      "3": [
        0,
        2
      ],
      "4": [
        0,
        0
      ],
      "5": [
        0,
        0
      ]
    },
    "inputSourceMap": {
      "version": 3,
      "mappings": "AAOgB;AAPhB,OAAO;AACP,OAAOA,kBAAkB;AAEzB,SAASC,OAAO;AACZ,SACI,uBAAC,SAAI,WAAU,UAAS,eAAY,kBAChC,iCAAC,SAAI,WAAU,aACX;AAAA,2BAAC,QAAG,WAAU,eAAc,gDAA5B;AAAA;AAAA;AAAA;AAAA,WAA4D;AAAA,IAC5D,uBAAC,OAAE,oHAAH;AAAA;AAAA;AAAA;AAAA,WAAuG;AAAA,IACvG,uBAAC,kBAAD;AAAA;AAAA;AAAA;AAAA,WAAa;AAAA,OAHjB;AAAA;AAAA;AAAA;AAAA,SAIA,KALJ;AAAA;AAAA;AAAA;AAAA,SAMA;AAER;AAACC,KAVQD;AAYT,eAAeA;AAAK,IAAAC;AAAAC,aAAAD,IAAA",
      "names": [
        "GetRecButton",
        "Hero",
        "_c",
        "$RefreshReg$"
      ],
      "ignoreList": [],
      "sources": [
        "C:/Users/Laptop/Documents/Web/anime-recommendations/src/components/Hero/Hero.jsx"
      ],
      "file": "C:/Users/Laptop/Documents/Web/anime-recommendations/src/components/Hero/Hero.jsx"
    },
    "_coverageSchema": "1a1c01bbd47fc00a2c39e90264f33305004495a9",
    "hash": "4e41a84f2c8e7f80977ed0e752bdd2bc96381e7c"
  },
  "C:/Users/Laptop/Documents/Web/anime-recommendations/src/components/Features/Features.jsx": {
    "path": "C:/Users/Laptop/Documents/Web/anime-recommendations/src/components/Features/Features.jsx",
    "statementMap": {
      "0": {
        "start": {
          "line": 4,
          "column": 19
        },
        "end": {
          "line": 20,
          "column": 3
        }
      },
      "1": {
        "start": {
          "line": 21,
          "column": 2
        },
        "end": {
          "line": 70,
          "column": 11
        }
      },
      "2": {
        "start": {
          "line": 36,
          "column": 42
        },
        "end": {
          "line": 56,
          "column": 14
        }
      },
      "3": {
        "start": {
          "line": 72,
          "column": 0
        },
        "end": {
          "line": 72,
          "column": 14
        }
      },
      "4": {
        "start": {
          "line": 75,
          "column": 0
        },
        "end": {
          "line": 75,
          "column": 29
        }
      },
      "5": {
        "start": {
          "line": 77,
          "column": 20
        },
        "end": {
          "line": 77,
          "column": 97
        }
      },
      "6": {
        "start": {
          "line": 78,
          "column": 0
        },
        "end": {
          "line": 92,
          "column": 1
        }
      },
      "7": {
        "start": {
          "line": 79,
          "column": 2
        },
        "end": {
          "line": 83,
          "column": 3
        }
      },
      "8": {
        "start": {
          "line": 80,
          "column": 4
        },
        "end": {
          "line": 82,
          "column": 6
        }
      },
      "9": {
        "start": {
          "line": 84,
          "column": 2
        },
        "end": {
          "line": 91,
          "column": 5
        }
      },
      "10": {
        "start": {
          "line": 85,
          "column": 4
        },
        "end": {
          "line": 85,
          "column": 158
        }
      },
      "11": {
        "start": {
          "line": 86,
          "column": 4
        },
        "end": {
          "line": 90,
          "column": 7
        }
      },
      "12": {
        "start": {
          "line": 87,
          "column": 6
        },
        "end": {
          "line": 87,
          "column": 31
        }
      },
      "13": {
        "start": {
          "line": 87,
          "column": 24
        },
        "end": {
          "line": 87,
          "column": 31
        }
      },
      "14": {
        "start": {
          "line": 88,
          "column": 32
        },
        "end": {
          "line": 88,
          "column": 207
        }
      },
      "15": {
        "start": {
          "line": 89,
          "column": 6
        },
        "end": {
          "line": 89,
          "column": 75
        }
      },
      "16": {
        "start": {
          "line": 89,
          "column": 29
        },
        "end": {
          "line": 89,
          "column": 75
        }
      },
      "17": {
        "start": {
          "line": 94,
          "column": 2
        },
        "end": {
          "line": 94,
          "column": 137
        }
      },
      "18": {
        "start": {
          "line": 97,
          "column": 2
        },
        "end": {
          "line": 97,
          "column": 62
        }
      }
    },
    "fnMap": {
      "0": {
        "name": "Features",
        "decl": {
          "start": {
            "line": 3,
            "column": 9
          },
          "end": {
            "line": 3,
            "column": 17
          }
        },
        "loc": {
          "start": {
            "line": 3,
            "column": 20
          },
          "end": {
            "line": 71,
            "column": 1
          }
        },
        "line": 3
      },
      "1": {
        "name": "(anonymous_1)",
        "decl": {
          "start": {
            "line": 36,
            "column": 6
          },
          "end": {
            "line": 36,
            "column": 7
          }
        },
        "loc": {
          "start": {
            "line": 36,
            "column": 42
          },
          "end": {
            "line": 56,
            "column": 14
          }
        },
        "line": 36
      },
      "2": {
        "name": "(anonymous_2)",
        "decl": {
          "start": {
            "line": 84,
            "column": 52
          },
          "end": {
            "line": 84,
            "column": 53
          }
        },
        "loc": {
          "start": {
            "line": 84,
            "column": 72
          },
          "end": {
            "line": 91,
            "column": 3
          }
        },
        "line": 84
      },
      "3": {
        "name": "(anonymous_3)",
        "decl": {
          "start": {
            "line": 86,
            "column": 27
          },
          "end": {
            "line": 86,
            "column": 28
          }
        },
        "loc": {
          "start": {
            "line": 86,
            "column": 44
          },
          "end": {
            "line": 90,
            "column": 5
          }
        },
        "line": 86
      },
      "4": {
        "name": "$RefreshReg$",
        "decl": {
          "start": {
            "line": 93,
            "column": 9
          },
          "end": {
            "line": 93,
            "column": 21
          }
        },
        "loc": {
          "start": {
            "line": 93,
            "column": 32
          },
          "end": {
            "line": 95,
            "column": 1
          }
        },
        "line": 93
      },
      "5": {
        "name": "$RefreshSig$",
        "decl": {
          "start": {
            "line": 96,
            "column": 9
          },
          "end": {
            "line": 96,
            "column": 21
          }
        },
        "loc": {
          "start": {
            "line": 96,
            "column": 24
          },
          "end": {
            "line": 98,
            "column": 1
          }
        },
        "line": 96
      }
    },
    "branchMap": {
      "0": {
        "loc": {
          "start": {
            "line": 77,
            "column": 20
          },
          "end": {
            "line": 77,
            "column": 97
          }
        },
        "type": "binary-expr",
        "locations": [
          {
            "start": {
              "line": 77,
              "column": 20
            },
            "end": {
              "line": 77,
              "column": 60
            }
          },
          {
            "start": {
              "line": 77,
              "column": 64
            },
            "end": {
              "line": 77,
              "column": 97
            }
          }
        ],
        "line": 77
      },
      "1": {
        "loc": {
          "start": {
            "line": 78,
            "column": 0
          },
          "end": {
            "line": 92,
            "column": 1
          }
        },
        "type": "if",
        "locations": [
          {
            "start": {
              "line": 78,
              "column": 0
            },
            "end": {
              "line": 92,
              "column": 1
            }
          },
          {
            "start": {},
            "end": {}
          }
        ],
        "line": 78
      },
      "2": {
        "loc": {
          "start": {
            "line": 78,
            "column": 4
          },
          "end": {
            "line": 78,
            "column": 35
          }
        },
        "type": "binary-expr",
        "locations": [
          {
            "start": {
              "line": 78,
              "column": 4
            },
            "end": {
              "line": 78,
              "column": 19
            }
          },
          {
            "start": {
              "line": 78,
              "column": 23
            },
            "end": {
              "line": 78,
              "column": 35
            }
          }
        ],
        "line": 78
      },
      "3": {
        "loc": {
          "start": {
            "line": 79,
            "column": 2
          },
          "end": {
            "line": 83,
            "column": 3
          }
        },
        "type": "if",
        "locations": [
          {
            "start": {
              "line": 79,
              "column": 2
            },
            "end": {
              "line": 83,
              "column": 3
            }
          },
          {
            "start": {},
            "end": {}
          }
        ],
        "line": 79
      },
      "4": {
        "loc": {
          "start": {
            "line": 87,
            "column": 6
          },
          "end": {
            "line": 87,
            "column": 31
          }
        },
        "type": "if",
        "locations": [
          {
            "start": {
              "line": 87,
              "column": 6
            },
            "end": {
              "line": 87,
              "column": 31
            }
          },
          {
            "start": {},
            "end": {}
          }
        ],
        "line": 87
      },
      "5": {
        "loc": {
          "start": {
            "line": 89,
            "column": 6
          },
          "end": {
            "line": 89,
            "column": 75
          }
        },
        "type": "if",
        "locations": [
          {
            "start": {
              "line": 89,
              "column": 6
            },
            "end": {
              "line": 89,
              "column": 75
            }
          },
          {
            "start": {},
            "end": {}
          }
        ],
        "line": 89
      }
    },
    "s": {
      "0": 0,
      "1": 0,
      "2": 0,
      "3": 2,
      "4": 2,
      "5": 2,
      "6": 2,
      "7": 2,
      "8": 0,
      "9": 2,
      "10": 2,
      "11": 2,
      "12": 0,
      "13": 0,
      "14": 0,
      "15": 0,
      "16": 0,
      "17": 2,
      "18": 0
    },
    "f": {
      "0": 0,
      "1": 0,
      "2": 2,
      "3": 0,
      "4": 2,
      "5": 0
    },
    "b": {
      "0": [
        2,
        0
      ],
      "1": [
        2,
        0
      ],
      "2": [
        2,
        2
      ],
      "3": [
        0,
        2
      ],
      "4": [
        0,
        0
      ],
      "5": [
        0,
        0
      ]
    },
    "inputSourceMap": {
      "version": 3,
      "mappings": "AAwB4D;AAxB5D,OAAO;AAEP,SAASA,WAAW;AAChB,QAAMC,WAAW;AAAA,IACb;AAAA,MACIC,MAAM;AAAA,MACNC,OAAO;AAAA,MACPC,aAAa;AAAA,IACjB;AAAA,IACA;AAAA,MACIF,MAAM;AAAA,MACNC,OAAO;AAAA,MACPC,aAAa;AAAA,IACjB;AAAA,IACA;AAAA,MACIF,MAAM;AAAA,MACNC,OAAO;AAAA,MACPC,aAAa;AAAA,IACjB;AAAA,EAAC;AAGL,SACI,uBAAC,SAAI,WAAU,YAAW,eAAc,qBACpC,iCAAC,SAAI,WAAU,aACX;AAAA,2BAAC,QAAG,WAAU,iBAAgB;AAAA;AAAA,MAAc,uBAAC,UAAK,wBAAN;AAAA;AAAA;AAAA;AAAA,aAAc;AAAA,MAAO;AAAA,SAAjE;AAAA;AAAA;AAAA;AAAA,WAAmE;AAAA,IACnE,uBAAC,SAAI,WAAU,iBACVH,mBAASI;AAAAA,MAAI,CAACC,SAASC,UACpB,uBAAC,SAAgB,WAAU,gBACvB;AAAA,+BAAC,SAAI,WAAU,gBAAgBD,kBAAQJ,QAAvC;AAAA;AAAA;AAAA;AAAA,eAA4C;AAAA,QAC5C,uBAAC,QAAII,kBAAQH,SAAb;AAAA;AAAA;AAAA;AAAA,eAAmB;AAAA,QACnB,uBAAC,OAAGG,kBAAQF,eAAZ;AAAA;AAAA;AAAA;AAAA,eAAwB;AAAA,WAHlBG,OAAV;AAAA;AAAA;AAAA;AAAA,aAIA;AAAA,IACH,KAPL;AAAA;AAAA;AAAA;AAAA,WAQA;AAAA,OAVJ;AAAA;AAAA;AAAA;AAAA,SAWA,KAZJ;AAAA;AAAA;AAAA;AAAA,SAaA;AAER;AAACC,KAnCQR;AAqCT,eAAeA;AAAS,IAAAQ;AAAAC,aAAAD,IAAA",
      "names": [
        "Features",
        "features",
        "icon",
        "title",
        "description",
        "map",
        "feature",
        "index",
        "_c",
        "$RefreshReg$"
      ],
      "ignoreList": [],
      "sources": [
        "C:/Users/Laptop/Documents/Web/anime-recommendations/src/components/Features/Features.jsx"
      ],
      "file": "C:/Users/Laptop/Documents/Web/anime-recommendations/src/components/Features/Features.jsx"
    },
    "_coverageSchema": "1a1c01bbd47fc00a2c39e90264f33305004495a9",
    "hash": "6c93bdcdaaba6203842ccb13977d385e2af12a09"
  },
  "C:/Users/Laptop/Documents/Web/anime-recommendations/src/components/Intro/Intro.jsx": {
    "path": "C:/Users/Laptop/Documents/Web/anime-recommendations/src/components/Intro/Intro.jsx",
    "statementMap": {
      "0": {
        "start": {
          "line": 4,
          "column": 2
        },
        "end": {
          "line": 16,
          "column": 11
        }
      },
      "1": {
        "start": {
          "line": 18,
          "column": 0
        },
        "end": {
          "line": 18,
          "column": 11
        }
      },
      "2": {
        "start": {
          "line": 21,
          "column": 0
        },
        "end": {
          "line": 21,
          "column": 26
        }
      },
      "3": {
        "start": {
          "line": 23,
          "column": 20
        },
        "end": {
          "line": 23,
          "column": 97
        }
      },
      "4": {
        "start": {
          "line": 24,
          "column": 0
        },
        "end": {
          "line": 38,
          "column": 1
        }
      },
      "5": {
        "start": {
          "line": 25,
          "column": 2
        },
        "end": {
          "line": 29,
          "column": 3
        }
      },
      "6": {
        "start": {
          "line": 26,
          "column": 4
        },
        "end": {
          "line": 28,
          "column": 6
        }
      },
      "7": {
        "start": {
          "line": 30,
          "column": 2
        },
        "end": {
          "line": 37,
          "column": 5
        }
      },
      "8": {
        "start": {
          "line": 31,
          "column": 4
        },
        "end": {
          "line": 31,
          "column": 152
        }
      },
      "9": {
        "start": {
          "line": 32,
          "column": 4
        },
        "end": {
          "line": 36,
          "column": 7
        }
      },
      "10": {
        "start": {
          "line": 33,
          "column": 6
        },
        "end": {
          "line": 33,
          "column": 31
        }
      },
      "11": {
        "start": {
          "line": 33,
          "column": 24
        },
        "end": {
          "line": 33,
          "column": 31
        }
      },
      "12": {
        "start": {
          "line": 34,
          "column": 32
        },
        "end": {
          "line": 34,
          "column": 201
        }
      },
      "13": {
        "start": {
          "line": 35,
          "column": 6
        },
        "end": {
          "line": 35,
          "column": 75
        }
      },
      "14": {
        "start": {
          "line": 35,
          "column": 29
        },
        "end": {
          "line": 35,
          "column": 75
        }
      },
      "15": {
        "start": {
          "line": 40,
          "column": 2
        },
        "end": {
          "line": 40,
          "column": 131
        }
      },
      "16": {
        "start": {
          "line": 43,
          "column": 2
        },
        "end": {
          "line": 43,
          "column": 62
        }
      }
    },
    "fnMap": {
      "0": {
        "name": "Intro",
        "decl": {
          "start": {
            "line": 3,
            "column": 9
          },
          "end": {
            "line": 3,
            "column": 14
          }
        },
        "loc": {
          "start": {
            "line": 3,
            "column": 17
          },
          "end": {
            "line": 17,
            "column": 1
          }
        },
        "line": 3
      },
      "1": {
        "name": "(anonymous_1)",
        "decl": {
          "start": {
            "line": 30,
            "column": 52
          },
          "end": {
            "line": 30,
            "column": 53
          }
        },
        "loc": {
          "start": {
            "line": 30,
            "column": 72
          },
          "end": {
            "line": 37,
            "column": 3
          }
        },
        "line": 30
      },
      "2": {
        "name": "(anonymous_2)",
        "decl": {
          "start": {
            "line": 32,
            "column": 27
          },
          "end": {
            "line": 32,
            "column": 28
          }
        },
        "loc": {
          "start": {
            "line": 32,
            "column": 44
          },
          "end": {
            "line": 36,
            "column": 5
          }
        },
        "line": 32
      },
      "3": {
        "name": "$RefreshReg$",
        "decl": {
          "start": {
            "line": 39,
            "column": 9
          },
          "end": {
            "line": 39,
            "column": 21
          }
        },
        "loc": {
          "start": {
            "line": 39,
            "column": 32
          },
          "end": {
            "line": 41,
            "column": 1
          }
        },
        "line": 39
      },
      "4": {
        "name": "$RefreshSig$",
        "decl": {
          "start": {
            "line": 42,
            "column": 9
          },
          "end": {
            "line": 42,
            "column": 21
          }
        },
        "loc": {
          "start": {
            "line": 42,
            "column": 24
          },
          "end": {
            "line": 44,
            "column": 1
          }
        },
        "line": 42
      }
    },
    "branchMap": {
      "0": {
        "loc": {
          "start": {
            "line": 23,
            "column": 20
          },
          "end": {
            "line": 23,
            "column": 97
          }
        },
        "type": "binary-expr",
        "locations": [
          {
            "start": {
              "line": 23,
              "column": 20
            },
            "end": {
              "line": 23,
              "column": 60
            }
          },
          {
            "start": {
              "line": 23,
              "column": 64
            },
            "end": {
              "line": 23,
              "column": 97
            }
          }
        ],
        "line": 23
      },
      "1": {
        "loc": {
          "start": {
            "line": 24,
            "column": 0
          },
          "end": {
            "line": 38,
            "column": 1
          }
        },
        "type": "if",
        "locations": [
          {
            "start": {
              "line": 24,
              "column": 0
            },
            "end": {
              "line": 38,
              "column": 1
            }
          },
          {
            "start": {},
            "end": {}
          }
        ],
        "line": 24
      },
      "2": {
        "loc": {
          "start": {
            "line": 24,
            "column": 4
          },
          "end": {
            "line": 24,
            "column": 35
          }
        },
        "type": "binary-expr",
        "locations": [
          {
            "start": {
              "line": 24,
              "column": 4
            },
            "end": {
              "line": 24,
              "column": 19
            }
          },
          {
            "start": {
              "line": 24,
              "column": 23
            },
            "end": {
              "line": 24,
              "column": 35
            }
          }
        ],
        "line": 24
      },
      "3": {
        "loc": {
          "start": {
            "line": 25,
            "column": 2
          },
          "end": {
            "line": 29,
            "column": 3
          }
        },
        "type": "if",
        "locations": [
          {
            "start": {
              "line": 25,
              "column": 2
            },
            "end": {
              "line": 29,
              "column": 3
            }
          },
          {
            "start": {},
            "end": {}
          }
        ],
        "line": 25
      },
      "4": {
        "loc": {
          "start": {
            "line": 33,
            "column": 6
          },
          "end": {
            "line": 33,
            "column": 31
          }
        },
        "type": "if",
        "locations": [
          {
            "start": {
              "line": 33,
              "column": 6
            },
            "end": {
              "line": 33,
              "column": 31
            }
          },
          {
            "start": {},
            "end": {}
          }
        ],
        "line": 33
      },
      "5": {
        "loc": {
          "start": {
            "line": 35,
            "column": 6
          },
          "end": {
            "line": 35,
            "column": 75
          }
        },
        "type": "if",
        "locations": [
          {
            "start": {
              "line": 35,
              "column": 6
            },
            "end": {
              "line": 35,
              "column": 75
            }
          },
          {
            "start": {},
            "end": {}
          }
        ],
        "line": 35
      }
    },
    "s": {
      "0": 0,
      "1": 2,
      "2": 2,
      "3": 2,
      "4": 2,
      "5": 2,
      "6": 0,
      "7": 2,
      "8": 2,
      "9": 2,
      "10": 0,
      "11": 0,
      "12": 0,
      "13": 0,
      "14": 0,
      "15": 2,
      "16": 0
    },
    "f": {
      "0": 0,
      "1": 2,
      "2": 0,
      "3": 2,
      "4": 0
    },
    "b": {
      "0": [
        2,
        0
      ],
      "1": [
        2,
        0
      ],
      "2": [
        2,
        2
      ],
      "3": [
        0,
        2
      ],
      "4": [
        0,
        0
      ],
      "5": [
        0,
        0
      ]
    },
    "inputSourceMap": {
      "version": 3,
      "mappings": "AAMgB;AANhB,OAAO;AAEP,SAASA,QAAQ;AACb,SACI,uBAAC,SAAI,WAAU,cAAa,eAAY,mBACpC,iCAAC,SAAI,WAAU,aACX,iCAAC,OAAE,sRAAH;AAAA;AAAA;AAAA;AAAA,SAAyQ,KAD7Q;AAAA;AAAA;AAAA;AAAA,SAEA,KAHJ;AAAA;AAAA;AAAA;AAAA,SAIA;AAER;AAACC,KARQD;AAUT,eAAeA;AAAM,IAAAC;AAAAC,aAAAD,IAAA",
      "names": [
        "Intro",
        "_c",
        "$RefreshReg$"
      ],
      "ignoreList": [],
      "sources": [
        "C:/Users/Laptop/Documents/Web/anime-recommendations/src/components/Intro/Intro.jsx"
      ],
      "file": "C:/Users/Laptop/Documents/Web/anime-recommendations/src/components/Intro/Intro.jsx"
    },
    "_coverageSchema": "1a1c01bbd47fc00a2c39e90264f33305004495a9",
    "hash": "7e76fc8d7f581d35b1393a1b878e1116e0ca2b91"
  },
  "C:/Users/Laptop/Documents/Web/anime-recommendations/src/pages/Home/Home.jsx": {
    "path": "C:/Users/Laptop/Documents/Web/anime-recommendations/src/pages/Home/Home.jsx",
    "statementMap": {
      "0": {
        "start": {
          "line": 7,
          "column": 2
        },
        "end": {
          "line": 27,
          "column": 11
        }
      },
      "1": {
        "start": {
          "line": 29,
          "column": 0
        },
        "end": {
          "line": 29,
          "column": 10
        }
      },
      "2": {
        "start": {
          "line": 32,
          "column": 0
        },
        "end": {
          "line": 32,
          "column": 25
        }
      },
      "3": {
        "start": {
          "line": 34,
          "column": 20
        },
        "end": {
          "line": 34,
          "column": 97
        }
      },
      "4": {
        "start": {
          "line": 35,
          "column": 0
        },
        "end": {
          "line": 49,
          "column": 1
        }
      },
      "5": {
        "start": {
          "line": 36,
          "column": 2
        },
        "end": {
          "line": 40,
          "column": 3
        }
      },
      "6": {
        "start": {
          "line": 37,
          "column": 4
        },
        "end": {
          "line": 39,
          "column": 6
        }
      },
      "7": {
        "start": {
          "line": 41,
          "column": 2
        },
        "end": {
          "line": 48,
          "column": 5
        }
      },
      "8": {
        "start": {
          "line": 42,
          "column": 4
        },
        "end": {
          "line": 42,
          "column": 145
        }
      },
      "9": {
        "start": {
          "line": 43,
          "column": 4
        },
        "end": {
          "line": 47,
          "column": 7
        }
      },
      "10": {
        "start": {
          "line": 44,
          "column": 6
        },
        "end": {
          "line": 44,
          "column": 31
        }
      },
      "11": {
        "start": {
          "line": 44,
          "column": 24
        },
        "end": {
          "line": 44,
          "column": 31
        }
      },
      "12": {
        "start": {
          "line": 45,
          "column": 32
        },
        "end": {
          "line": 45,
          "column": 194
        }
      },
      "13": {
        "start": {
          "line": 46,
          "column": 6
        },
        "end": {
          "line": 46,
          "column": 75
        }
      },
      "14": {
        "start": {
          "line": 46,
          "column": 29
        },
        "end": {
          "line": 46,
          "column": 75
        }
      },
      "15": {
        "start": {
          "line": 51,
          "column": 2
        },
        "end": {
          "line": 51,
          "column": 124
        }
      },
      "16": {
        "start": {
          "line": 54,
          "column": 2
        },
        "end": {
          "line": 54,
          "column": 62
        }
      }
    },
    "fnMap": {
      "0": {
        "name": "Home",
        "decl": {
          "start": {
            "line": 6,
            "column": 9
          },
          "end": {
            "line": 6,
            "column": 13
          }
        },
        "loc": {
          "start": {
            "line": 6,
            "column": 16
          },
          "end": {
            "line": 28,
            "column": 1
          }
        },
        "line": 6
      },
      "1": {
        "name": "(anonymous_1)",
        "decl": {
          "start": {
            "line": 41,
            "column": 52
          },
          "end": {
            "line": 41,
            "column": 53
          }
        },
        "loc": {
          "start": {
            "line": 41,
            "column": 72
          },
          "end": {
            "line": 48,
            "column": 3
          }
        },
        "line": 41
      },
      "2": {
        "name": "(anonymous_2)",
        "decl": {
          "start": {
            "line": 43,
            "column": 27
          },
          "end": {
            "line": 43,
            "column": 28
          }
        },
        "loc": {
          "start": {
            "line": 43,
            "column": 44
          },
          "end": {
            "line": 47,
            "column": 5
          }
        },
        "line": 43
      },
      "3": {
        "name": "$RefreshReg$",
        "decl": {
          "start": {
            "line": 50,
            "column": 9
          },
          "end": {
            "line": 50,
            "column": 21
          }
        },
        "loc": {
          "start": {
            "line": 50,
            "column": 32
          },
          "end": {
            "line": 52,
            "column": 1
          }
        },
        "line": 50
      },
      "4": {
        "name": "$RefreshSig$",
        "decl": {
          "start": {
            "line": 53,
            "column": 9
          },
          "end": {
            "line": 53,
            "column": 21
          }
        },
        "loc": {
          "start": {
            "line": 53,
            "column": 24
          },
          "end": {
            "line": 55,
            "column": 1
          }
        },
        "line": 53
      }
    },
    "branchMap": {
      "0": {
        "loc": {
          "start": {
            "line": 34,
            "column": 20
          },
          "end": {
            "line": 34,
            "column": 97
          }
        },
        "type": "binary-expr",
        "locations": [
          {
            "start": {
              "line": 34,
              "column": 20
            },
            "end": {
              "line": 34,
              "column": 60
            }
          },
          {
            "start": {
              "line": 34,
              "column": 64
            },
            "end": {
              "line": 34,
              "column": 97
            }
          }
        ],
        "line": 34
      },
      "1": {
        "loc": {
          "start": {
            "line": 35,
            "column": 0
          },
          "end": {
            "line": 49,
            "column": 1
          }
        },
        "type": "if",
        "locations": [
          {
            "start": {
              "line": 35,
              "column": 0
            },
            "end": {
              "line": 49,
              "column": 1
            }
          },
          {
            "start": {},
            "end": {}
          }
        ],
        "line": 35
      },
      "2": {
        "loc": {
          "start": {
            "line": 35,
            "column": 4
          },
          "end": {
            "line": 35,
            "column": 35
          }
        },
        "type": "binary-expr",
        "locations": [
          {
            "start": {
              "line": 35,
              "column": 4
            },
            "end": {
              "line": 35,
              "column": 19
            }
          },
          {
            "start": {
              "line": 35,
              "column": 23
            },
            "end": {
              "line": 35,
              "column": 35
            }
          }
        ],
        "line": 35
      },
      "3": {
        "loc": {
          "start": {
            "line": 36,
            "column": 2
          },
          "end": {
            "line": 40,
            "column": 3
          }
        },
        "type": "if",
        "locations": [
          {
            "start": {
              "line": 36,
              "column": 2
            },
            "end": {
              "line": 40,
              "column": 3
            }
          },
          {
            "start": {},
            "end": {}
          }
        ],
        "line": 36
      },
      "4": {
        "loc": {
          "start": {
            "line": 44,
            "column": 6
          },
          "end": {
            "line": 44,
            "column": 31
          }
        },
        "type": "if",
        "locations": [
          {
            "start": {
              "line": 44,
              "column": 6
            },
            "end": {
              "line": 44,
              "column": 31
            }
          },
          {
            "start": {},
            "end": {}
          }
        ],
        "line": 44
      },
      "5": {
        "loc": {
          "start": {
            "line": 46,
            "column": 6
          },
          "end": {
            "line": 46,
            "column": 75
          }
        },
        "type": "if",
        "locations": [
          {
            "start": {
              "line": 46,
              "column": 6
            },
            "end": {
              "line": 46,
              "column": 75
            }
          },
          {
            "start": {},
            "end": {}
          }
        ],
        "line": 46
      }
    },
    "s": {
      "0": 0,
      "1": 2,
      "2": 2,
      "3": 2,
      "4": 2,
      "5": 2,
      "6": 0,
      "7": 2,
      "8": 2,
      "9": 2,
      "10": 0,
      "11": 0,
      "12": 0,
      "13": 0,
      "14": 0,
      "15": 2,
      "16": 0
    },
    "f": {
      "0": 0,
      "1": 2,
      "2": 0,
      "3": 2,
      "4": 0
    },
    "b": {
      "0": [
        2,
        0
      ],
      "1": [
        2,
        0
      ],
      "2": [
        2,
        2
      ],
      "3": [
        0,
        2
      ],
      "4": [
        0,
        0
      ],
      "5": [
        0,
        0
      ]
    },
    "inputSourceMap": {
      "version": 3,
      "mappings": "AAQM;AARN,OAAOA,UAAU;AACjB,OAAOC,cAAc;AACrB,OAAOC,WAAW;AAClB,OAAO;AAEP,SAASC,OAAO;AACd,SACE,uBAAC,SAAI,WAAU,aACb;AAAA,2BAAC,UAAD;AAAA;AAAA;AAAA;AAAA,WAAK;AAAA,IACL,uBAAC,cAAD;AAAA;AAAA;AAAA;AAAA,WAAS;AAAA,IACT,uBAAC,WAAD;AAAA;AAAA;AAAA;AAAA,WAAM;AAAA,OAHR;AAAA;AAAA;AAAA;AAAA,SAIA;AAEJ;AAACC,KARQD;AAUT,eAAeA;AAAK,IAAAC;AAAAC,aAAAD,IAAA",
      "names": [
        "Hero",
        "Features",
        "Intro",
        "Home",
        "_c",
        "$RefreshReg$"
      ],
      "ignoreList": [],
      "sources": [
        "C:/Users/Laptop/Documents/Web/anime-recommendations/src/pages/Home/Home.jsx"
      ],
      "file": "C:/Users/Laptop/Documents/Web/anime-recommendations/src/pages/Home/Home.jsx"
    },
    "_coverageSchema": "1a1c01bbd47fc00a2c39e90264f33305004495a9",
    "hash": "04a07d3c910e129df7ce7e57a38fc2ebac1c3cdd"
  },
  "C:/Users/Laptop/Documents/Web/anime-recommendations/src/components/Questions/Questions.jsx": {
    "path": "C:/Users/Laptop/Documents/Web/anime-recommendations/src/components/Questions/Questions.jsx",
    "statementMap": {
      "0": {
        "start": {
          "line": 4,
          "column": 2
        },
        "end": {
          "line": 184,
          "column": 11
        }
      },
      "1": {
        "start": {
          "line": 19,
          "column": 29
        },
        "end": {
          "line": 19,
          "column": 58
        }
      },
      "2": {
        "start": {
          "line": 59,
          "column": 29
        },
        "end": {
          "line": 59,
          "column": 58
        }
      },
      "3": {
        "start": {
          "line": 99,
          "column": 29
        },
        "end": {
          "line": 99,
          "column": 58
        }
      },
      "4": {
        "start": {
          "line": 139,
          "column": 29
        },
        "end": {
          "line": 139,
          "column": 58
        }
      },
      "5": {
        "start": {
          "line": 186,
          "column": 0
        },
        "end": {
          "line": 186,
          "column": 15
        }
      },
      "6": {
        "start": {
          "line": 189,
          "column": 0
        },
        "end": {
          "line": 189,
          "column": 30
        }
      },
      "7": {
        "start": {
          "line": 191,
          "column": 20
        },
        "end": {
          "line": 191,
          "column": 97
        }
      },
      "8": {
        "start": {
          "line": 192,
          "column": 0
        },
        "end": {
          "line": 206,
          "column": 1
        }
      },
      "9": {
        "start": {
          "line": 193,
          "column": 2
        },
        "end": {
          "line": 197,
          "column": 3
        }
      },
      "10": {
        "start": {
          "line": 194,
          "column": 4
        },
        "end": {
          "line": 196,
          "column": 6
        }
      },
      "11": {
        "start": {
          "line": 198,
          "column": 2
        },
        "end": {
          "line": 205,
          "column": 5
        }
      },
      "12": {
        "start": {
          "line": 199,
          "column": 4
        },
        "end": {
          "line": 199,
          "column": 160
        }
      },
      "13": {
        "start": {
          "line": 200,
          "column": 4
        },
        "end": {
          "line": 204,
          "column": 7
        }
      },
      "14": {
        "start": {
          "line": 201,
          "column": 6
        },
        "end": {
          "line": 201,
          "column": 31
        }
      },
      "15": {
        "start": {
          "line": 201,
          "column": 24
        },
        "end": {
          "line": 201,
          "column": 31
        }
      },
      "16": {
        "start": {
          "line": 202,
          "column": 32
        },
        "end": {
          "line": 202,
          "column": 209
        }
      },
      "17": {
        "start": {
          "line": 203,
          "column": 6
        },
        "end": {
          "line": 203,
          "column": 75
        }
      },
      "18": {
        "start": {
          "line": 203,
          "column": 29
        },
        "end": {
          "line": 203,
          "column": 75
        }
      },
      "19": {
        "start": {
          "line": 208,
          "column": 2
        },
        "end": {
          "line": 208,
          "column": 139
        }
      },
      "20": {
        "start": {
          "line": 211,
          "column": 2
        },
        "end": {
          "line": 211,
          "column": 62
        }
      }
    },
    "fnMap": {
      "0": {
        "name": "Questions",
        "decl": {
          "start": {
            "line": 3,
            "column": 9
          },
          "end": {
            "line": 3,
            "column": 18
          }
        },
        "loc": {
          "start": {
            "line": 3,
            "column": 53
          },
          "end": {
            "line": 185,
            "column": 1
          }
        },
        "line": 3
      },
      "1": {
        "name": "(anonymous_1)",
        "decl": {
          "start": {
            "line": 19,
            "column": 22
          },
          "end": {
            "line": 19,
            "column": 23
          }
        },
        "loc": {
          "start": {
            "line": 19,
            "column": 29
          },
          "end": {
            "line": 19,
            "column": 58
          }
        },
        "line": 19
      },
      "2": {
        "name": "(anonymous_2)",
        "decl": {
          "start": {
            "line": 59,
            "column": 22
          },
          "end": {
            "line": 59,
            "column": 23
          }
        },
        "loc": {
          "start": {
            "line": 59,
            "column": 29
          },
          "end": {
            "line": 59,
            "column": 58
          }
        },
        "line": 59
      },
      "3": {
        "name": "(anonymous_3)",
        "decl": {
          "start": {
            "line": 99,
            "column": 22
          },
          "end": {
            "line": 99,
            "column": 23
          }
        },
        "loc": {
          "start": {
            "line": 99,
            "column": 29
          },
          "end": {
            "line": 99,
            "column": 58
          }
        },
        "line": 99
      },
      "4": {
        "name": "(anonymous_4)",
        "decl": {
          "start": {
            "line": 139,
            "column": 22
          },
          "end": {
            "line": 139,
            "column": 23
          }
        },
        "loc": {
          "start": {
            "line": 139,
            "column": 29
          },
          "end": {
            "line": 139,
            "column": 58
          }
        },
        "line": 139
      },
      "5": {
        "name": "(anonymous_5)",
        "decl": {
          "start": {
            "line": 198,
            "column": 52
          },
          "end": {
            "line": 198,
            "column": 53
          }
        },
        "loc": {
          "start": {
            "line": 198,
            "column": 72
          },
          "end": {
            "line": 205,
            "column": 3
          }
        },
        "line": 198
      },
      "6": {
        "name": "(anonymous_6)",
        "decl": {
          "start": {
            "line": 200,
            "column": 27
          },
          "end": {
            "line": 200,
            "column": 28
          }
        },
        "loc": {
          "start": {
            "line": 200,
            "column": 44
          },
          "end": {
            "line": 204,
            "column": 5
          }
        },
        "line": 200
      },
      "7": {
        "name": "$RefreshReg$",
        "decl": {
          "start": {
            "line": 207,
            "column": 9
          },
          "end": {
            "line": 207,
            "column": 21
          }
        },
        "loc": {
          "start": {
            "line": 207,
            "column": 32
          },
          "end": {
            "line": 209,
            "column": 1
          }
        },
        "line": 207
      },
      "8": {
        "name": "$RefreshSig$",
        "decl": {
          "start": {
            "line": 210,
            "column": 9
          },
          "end": {
            "line": 210,
            "column": 21
          }
        },
        "loc": {
          "start": {
            "line": 210,
            "column": 24
          },
          "end": {
            "line": 212,
            "column": 1
          }
        },
        "line": 210
      }
    },
    "branchMap": {
      "0": {
        "loc": {
          "start": {
            "line": 191,
            "column": 20
          },
          "end": {
            "line": 191,
            "column": 97
          }
        },
        "type": "binary-expr",
        "locations": [
          {
            "start": {
              "line": 191,
              "column": 20
            },
            "end": {
              "line": 191,
              "column": 60
            }
          },
          {
            "start": {
              "line": 191,
              "column": 64
            },
            "end": {
              "line": 191,
              "column": 97
            }
          }
        ],
        "line": 191
      },
      "1": {
        "loc": {
          "start": {
            "line": 192,
            "column": 0
          },
          "end": {
            "line": 206,
            "column": 1
          }
        },
        "type": "if",
        "locations": [
          {
            "start": {
              "line": 192,
              "column": 0
            },
            "end": {
              "line": 206,
              "column": 1
            }
          },
          {
            "start": {},
            "end": {}
          }
        ],
        "line": 192
      },
      "2": {
        "loc": {
          "start": {
            "line": 192,
            "column": 4
          },
          "end": {
            "line": 192,
            "column": 35
          }
        },
        "type": "binary-expr",
        "locations": [
          {
            "start": {
              "line": 192,
              "column": 4
            },
            "end": {
              "line": 192,
              "column": 19
            }
          },
          {
            "start": {
              "line": 192,
              "column": 23
            },
            "end": {
              "line": 192,
              "column": 35
            }
          }
        ],
        "line": 192
      },
      "3": {
        "loc": {
          "start": {
            "line": 193,
            "column": 2
          },
          "end": {
            "line": 197,
            "column": 3
          }
        },
        "type": "if",
        "locations": [
          {
            "start": {
              "line": 193,
              "column": 2
            },
            "end": {
              "line": 197,
              "column": 3
            }
          },
          {
            "start": {},
            "end": {}
          }
        ],
        "line": 193
      },
      "4": {
        "loc": {
          "start": {
            "line": 201,
            "column": 6
          },
          "end": {
            "line": 201,
            "column": 31
          }
        },
        "type": "if",
        "locations": [
          {
            "start": {
              "line": 201,
              "column": 6
            },
            "end": {
              "line": 201,
              "column": 31
            }
          },
          {
            "start": {},
            "end": {}
          }
        ],
        "line": 201
      },
      "5": {
        "loc": {
          "start": {
            "line": 203,
            "column": 6
          },
          "end": {
            "line": 203,
            "column": 75
          }
        },
        "type": "if",
        "locations": [
          {
            "start": {
              "line": 203,
              "column": 6
            },
            "end": {
              "line": 203,
              "column": 75
            }
          },
          {
            "start": {},
            "end": {}
          }
        ],
        "line": 203
      }
    },
    "s": {
      "0": 10,
      "1": 1,
      "2": 1,
      "3": 0,
      "4": 0,
      "5": 2,
      "6": 2,
      "7": 2,
      "8": 2,
      "9": 2,
      "10": 0,
      "11": 2,
      "12": 2,
      "13": 2,
      "14": 0,
      "15": 0,
      "16": 0,
      "17": 0,
      "18": 0,
      "19": 2,
      "20": 0
    },
    "f": {
      "0": 10,
      "1": 1,
      "2": 1,
      "3": 0,
      "4": 0,
      "5": 2,
      "6": 0,
      "7": 2,
      "8": 0
    },
    "b": {
      "0": [
        2,
        0
      ],
      "1": [
        2,
        0
      ],
      "2": [
        2,
        2
      ],
      "3": [
        0,
        2
      ],
      "4": [
        0,
        0
      ],
      "5": [
        0,
        0
      ]
    },
    "inputSourceMap": {
      "version": 3,
      "mappings": "AAMQ;AANR,OAAO;AAEP,SAASA,UAAU,EAAEC,eAAeC,cAAc,GAAG;AACnD,SACE,uBAAC,SAAI,WAAU,uBACb,iCAAC,SAAI,WAAU,mBACb;AAAA,2BAAC,QAAG,8CAAJ;AAAA;AAAA;AAAA;AAAA,WAAkC;AAAA,IAClC,uBAAC,SAAI,WAAU,gBACb;AAAA,6BAAC,WAAM,WAAU,eACf;AAAA;AAAA,UAAC;AAAA;AAAA,YACC,MAAK;AAAA,YACL,MAAK;AAAA,YACL,OAAM;AAAA,YACN,SAASD,kBAAkB;AAAA,YAC3B,UAAU,CAACE,MAAMD,cAAcC,EAAEC,OAAOC,KAAK;AAAA;AAAA,UAL/C;AAAA;AAAA;AAAA;AAAA;AAAA;AAAA;AAAA;AAAA,QAKiD;AAAA,QAEjD,uBAAC,SAAI,WAAU,kBACb;AAAA,iCAAC,UAAK,WAAU,gBAAe,kBAA/B;AAAA;AAAA;AAAA;AAAA,iBAAiC;AAAA,UACjC,uBAAC,UAAK,WAAU,eAAc,oBAA9B;AAAA;AAAA;AAAA;AAAA,iBAAkC;AAAA,aAFpC;AAAA;AAAA;AAAA;AAAA,eAGA;AAAA,WAXF;AAAA;AAAA;AAAA;AAAA,aAYA;AAAA,MAEA,uBAAC,WAAM,WAAU,eACf;AAAA;AAAA,UAAC;AAAA;AAAA,YACC,MAAK;AAAA,YACL,MAAK;AAAA,YACL,OAAM;AAAA,YACN,SAASJ,kBAAkB;AAAA,YAC3B,UAAU,CAACE,MAAMD,cAAcC,EAAEC,OAAOC,KAAK;AAAA;AAAA,UAL/C;AAAA;AAAA;AAAA;AAAA;AAAA;AAAA;AAAA;AAAA,QAKiD;AAAA,QAEjD,uBAAC,SAAI,WAAU,kBACb;AAAA,iCAAC,UAAK,WAAU,gBAAe,kBAA/B;AAAA;AAAA;AAAA;AAAA,iBAAiC;AAAA,UACjC,uBAAC,UAAK,WAAU,eAAc,wBAA9B;AAAA;AAAA;AAAA;AAAA,iBAAsC;AAAA,aAFxC;AAAA;AAAA;AAAA;AAAA,eAGA;AAAA,WAXF;AAAA;AAAA;AAAA;AAAA,aAYA;AAAA,MAEA,uBAAC,WAAM,WAAU,eACf;AAAA;AAAA,UAAC;AAAA;AAAA,YACC,MAAK;AAAA,YACL,MAAK;AAAA,YACL,OAAM;AAAA,YACN,SAASJ,kBAAkB;AAAA,YAC3B,UAAU,CAACE,MAAMD,cAAcC,EAAEC,OAAOC,KAAK;AAAA;AAAA,UAL/C;AAAA;AAAA;AAAA;AAAA;AAAA;AAAA;AAAA;AAAA,QAKiD;AAAA,QAEjD,uBAAC,SAAI,WAAU,kBACb;AAAA,iCAAC,UAAK,WAAU,gBAAe,kBAA/B;AAAA;AAAA;AAAA;AAAA,iBAAiC;AAAA,UACjC,uBAAC,UAAK,WAAU,eAAc,yBAA9B;AAAA;AAAA;AAAA;AAAA,iBAAuC;AAAA,aAFzC;AAAA;AAAA;AAAA;AAAA,eAGA;AAAA,WAXF;AAAA;AAAA;AAAA;AAAA,aAYA;AAAA,MAEA,uBAAC,WAAM,WAAU,eACf;AAAA;AAAA,UAAC;AAAA;AAAA,YACC,MAAK;AAAA,YACL,MAAK;AAAA,YACL,OAAM;AAAA,YACN,SAASJ,kBAAkB;AAAA,YAC3B,UAAU,CAACE,MAAMD,cAAcC,EAAEC,OAAOC,KAAK;AAAA;AAAA,UAL/C;AAAA;AAAA;AAAA;AAAA;AAAA;AAAA;AAAA;AAAA,QAKiD;AAAA,QAEjD,uBAAC,SAAI,WAAU,kBACb;AAAA,iCAAC,UAAK,WAAU,gBAAe,iBAA/B;AAAA;AAAA;AAAA;AAAA,iBAAgC;AAAA,UAChC,uBAAC,UAAK,WAAU,eAAc,uBAA9B;AAAA;AAAA;AAAA;AAAA,iBAAqC;AAAA,aAFvC;AAAA;AAAA;AAAA;AAAA,eAGA;AAAA,WAXF;AAAA;AAAA;AAAA;AAAA,aAYA;AAAA,SAvDF;AAAA;AAAA;AAAA;AAAA,WAwDA;AAAA,OA1DF;AAAA;AAAA;AAAA;AAAA,SA2DA,KA5DF;AAAA;AAAA;AAAA;AAAA,SA6DA;AAEJ;AAACC,KAjEQN;AAmET,eAAeA;AAAU,IAAAM;AAAAC,aAAAD,IAAA",
      "names": [
        "Questions",
        "selectedGenre",
        "onGenreChange",
        "e",
        "target",
        "value",
        "_c",
        "$RefreshReg$"
      ],
      "ignoreList": [],
      "sources": [
        "C:/Users/Laptop/Documents/Web/anime-recommendations/src/components/Questions/Questions.jsx"
      ],
      "file": "C:/Users/Laptop/Documents/Web/anime-recommendations/src/components/Questions/Questions.jsx"
    },
    "_coverageSchema": "1a1c01bbd47fc00a2c39e90264f33305004495a9",
    "hash": "012b5a67644b3f69ec557576ffb93ede087ffaf0"
  },
  "C:/Users/Laptop/Documents/Web/anime-recommendations/src/components/Buttons/SubmitTestButton/SubmitTestButton.jsx": {
    "path": "C:/Users/Laptop/Documents/Web/anime-recommendations/src/components/Buttons/SubmitTestButton/SubmitTestButton.jsx",
    "statementMap": {
      "0": {
        "start": {
          "line": 4,
          "column": 2
        },
        "end": {
          "line": 19,
          "column": 4
        }
      },
      "1": {
        "start": {
          "line": 21,
          "column": 0
        },
        "end": {
          "line": 21,
          "column": 22
        }
      },
      "2": {
        "start": {
          "line": 24,
          "column": 0
        },
        "end": {
          "line": 24,
          "column": 37
        }
      },
      "3": {
        "start": {
          "line": 26,
          "column": 20
        },
        "end": {
          "line": 26,
          "column": 97
        }
      },
      "4": {
        "start": {
          "line": 27,
          "column": 0
        },
        "end": {
          "line": 41,
          "column": 1
        }
      },
      "5": {
        "start": {
          "line": 28,
          "column": 2
        },
        "end": {
          "line": 32,
          "column": 3
        }
      },
      "6": {
        "start": {
          "line": 29,
          "column": 4
        },
        "end": {
          "line": 31,
          "column": 6
        }
      },
      "7": {
        "start": {
          "line": 33,
          "column": 2
        },
        "end": {
          "line": 40,
          "column": 5
        }
      },
      "8": {
        "start": {
          "line": 34,
          "column": 4
        },
        "end": {
          "line": 34,
          "column": 182
        }
      },
      "9": {
        "start": {
          "line": 35,
          "column": 4
        },
        "end": {
          "line": 39,
          "column": 7
        }
      },
      "10": {
        "start": {
          "line": 36,
          "column": 6
        },
        "end": {
          "line": 36,
          "column": 31
        }
      },
      "11": {
        "start": {
          "line": 36,
          "column": 24
        },
        "end": {
          "line": 36,
          "column": 31
        }
      },
      "12": {
        "start": {
          "line": 37,
          "column": 32
        },
        "end": {
          "line": 37,
          "column": 231
        }
      },
      "13": {
        "start": {
          "line": 38,
          "column": 6
        },
        "end": {
          "line": 38,
          "column": 75
        }
      },
      "14": {
        "start": {
          "line": 38,
          "column": 29
        },
        "end": {
          "line": 38,
          "column": 75
        }
      },
      "15": {
        "start": {
          "line": 43,
          "column": 2
        },
        "end": {
          "line": 43,
          "column": 161
        }
      },
      "16": {
        "start": {
          "line": 46,
          "column": 2
        },
        "end": {
          "line": 46,
          "column": 62
        }
      }
    },
    "fnMap": {
      "0": {
        "name": "SubmitTestButton",
        "decl": {
          "start": {
            "line": 3,
            "column": 9
          },
          "end": {
            "line": 3,
            "column": 25
          }
        },
        "loc": {
          "start": {
            "line": 3,
            "column": 39
          },
          "end": {
            "line": 20,
            "column": 1
          }
        },
        "line": 3
      },
      "1": {
        "name": "(anonymous_1)",
        "decl": {
          "start": {
            "line": 33,
            "column": 52
          },
          "end": {
            "line": 33,
            "column": 53
          }
        },
        "loc": {
          "start": {
            "line": 33,
            "column": 72
          },
          "end": {
            "line": 40,
            "column": 3
          }
        },
        "line": 33
      },
      "2": {
        "name": "(anonymous_2)",
        "decl": {
          "start": {
            "line": 35,
            "column": 27
          },
          "end": {
            "line": 35,
            "column": 28
          }
        },
        "loc": {
          "start": {
            "line": 35,
            "column": 44
          },
          "end": {
            "line": 39,
            "column": 5
          }
        },
        "line": 35
      },
      "3": {
        "name": "$RefreshReg$",
        "decl": {
          "start": {
            "line": 42,
            "column": 9
          },
          "end": {
            "line": 42,
            "column": 21
          }
        },
        "loc": {
          "start": {
            "line": 42,
            "column": 32
          },
          "end": {
            "line": 44,
            "column": 1
          }
        },
        "line": 42
      },
      "4": {
        "name": "$RefreshSig$",
        "decl": {
          "start": {
            "line": 45,
            "column": 9
          },
          "end": {
            "line": 45,
            "column": 21
          }
        },
        "loc": {
          "start": {
            "line": 45,
            "column": 24
          },
          "end": {
            "line": 47,
            "column": 1
          }
        },
        "line": 45
      }
    },
    "branchMap": {
      "0": {
        "loc": {
          "start": {
            "line": 26,
            "column": 20
          },
          "end": {
            "line": 26,
            "column": 97
          }
        },
        "type": "binary-expr",
        "locations": [
          {
            "start": {
              "line": 26,
              "column": 20
            },
            "end": {
              "line": 26,
              "column": 60
            }
          },
          {
            "start": {
              "line": 26,
              "column": 64
            },
            "end": {
              "line": 26,
              "column": 97
            }
          }
        ],
        "line": 26
      },
      "1": {
        "loc": {
          "start": {
            "line": 27,
            "column": 0
          },
          "end": {
            "line": 41,
            "column": 1
          }
        },
        "type": "if",
        "locations": [
          {
            "start": {
              "line": 27,
              "column": 0
            },
            "end": {
              "line": 41,
              "column": 1
            }
          },
          {
            "start": {},
            "end": {}
          }
        ],
        "line": 27
      },
      "2": {
        "loc": {
          "start": {
            "line": 27,
            "column": 4
          },
          "end": {
            "line": 27,
            "column": 35
          }
        },
        "type": "binary-expr",
        "locations": [
          {
            "start": {
              "line": 27,
              "column": 4
            },
            "end": {
              "line": 27,
              "column": 19
            }
          },
          {
            "start": {
              "line": 27,
              "column": 23
            },
            "end": {
              "line": 27,
              "column": 35
            }
          }
        ],
        "line": 27
      },
      "3": {
        "loc": {
          "start": {
            "line": 28,
            "column": 2
          },
          "end": {
            "line": 32,
            "column": 3
          }
        },
        "type": "if",
        "locations": [
          {
            "start": {
              "line": 28,
              "column": 2
            },
            "end": {
              "line": 32,
              "column": 3
            }
          },
          {
            "start": {},
            "end": {}
          }
        ],
        "line": 28
      },
      "4": {
        "loc": {
          "start": {
            "line": 36,
            "column": 6
          },
          "end": {
            "line": 36,
            "column": 31
          }
        },
        "type": "if",
        "locations": [
          {
            "start": {
              "line": 36,
              "column": 6
            },
            "end": {
              "line": 36,
              "column": 31
            }
          },
          {
            "start": {},
            "end": {}
          }
        ],
        "line": 36
      },
      "5": {
        "loc": {
          "start": {
            "line": 38,
            "column": 6
          },
          "end": {
            "line": 38,
            "column": 75
          }
        },
        "type": "if",
        "locations": [
          {
            "start": {
              "line": 38,
              "column": 6
            },
            "end": {
              "line": 38,
              "column": 75
            }
          },
          {
            "start": {},
            "end": {}
          }
        ],
        "line": 38
      }
    },
    "s": {
      "0": 10,
      "1": 2,
      "2": 2,
      "3": 2,
      "4": 2,
      "5": 2,
      "6": 0,
      "7": 2,
      "8": 2,
      "9": 2,
      "10": 0,
      "11": 0,
      "12": 0,
      "13": 0,
      "14": 0,
      "15": 2,
      "16": 0
    },
    "f": {
      "0": 10,
      "1": 2,
      "2": 0,
      "3": 2,
      "4": 0
    },
    "b": {
      "0": [
        2,
        0
      ],
      "1": [
        2,
        0
      ],
      "2": [
        2,
        2
      ],
      "3": [
        0,
        2
      ],
      "4": [
        0,
        0
      ],
      "5": [
        0,
        0
      ]
    },
    "inputSourceMap": {
      "version": 3,
      "mappings": "AAII;AAJJ,OAAO;AAEP,SAASA,iBAAiB,EAAEC,QAAQ,GAAG;AACrC,SACE;AAAA,IAAC;AAAA;AAAA,MACC;AAAA,MACA,WAAU;AAAA,MAAgB;AAAA;AAAA,IAF5B;AAAA;AAAA;AAAA;AAAA;AAAA;AAAA;AAAA;AAAA,EAKA;AAEJ;AAACC,KATQF;AAWT,eAAeA;AAAiB,IAAAE;AAAAC,aAAAD,IAAA",
      "names": [
        "SubmitTestButton",
        "onClick",
        "_c",
        "$RefreshReg$"
      ],
      "ignoreList": [],
      "sources": [
        "C:/Users/Laptop/Documents/Web/anime-recommendations/src/components/Buttons/SubmitTestButton/SubmitTestButton.jsx"
      ],
      "file": "C:/Users/Laptop/Documents/Web/anime-recommendations/src/components/Buttons/SubmitTestButton/SubmitTestButton.jsx"
    },
    "_coverageSchema": "1a1c01bbd47fc00a2c39e90264f33305004495a9",
    "hash": "50b9c9104f5a923dafd6e96798466a2caed525a7"
[...]
          "column": 2
        },
        "end": {
          "line": 91,
          "column": 125
        }
      },
      "16": {
        "start": {
          "line": 94,
          "column": 2
        },
        "end": {
          "line": 94,
          "column": 62
        }
      }
    },
    "fnMap": {
      "0": {
        "name": "AppRouter",
        "decl": {
          "start": {
            "line": 8,
            "column": 9
          },
          "end": {
            "line": 8,
            "column": 18
          }
        },
        "loc": {
          "start": {
            "line": 8,
            "column": 21
          },
          "end": {
            "line": 68,
            "column": 1
          }
        },
        "line": 8
      },
      "1": {
        "name": "(anonymous_1)",
        "decl": {
          "start": {
            "line": 81,
            "column": 52
          },
          "end": {
            "line": 81,
            "column": 53
          }
        },
        "loc": {
          "start": {
            "line": 81,
            "column": 72
          },
          "end": {
            "line": 88,
            "column": 3
          }
        },
        "line": 81
      },
      "2": {
        "name": "(anonymous_2)",
        "decl": {
          "start": {
            "line": 83,
            "column": 27
          },
          "end": {
            "line": 83,
            "column": 28
          }
        },
        "loc": {
          "start": {
            "line": 83,
            "column": 44
          },
          "end": {
            "line": 87,
            "column": 5
          }
        },
        "line": 83
      },
      "3": {
        "name": "$RefreshReg$",
        "decl": {
          "start": {
            "line": 90,
            "column": 9
          },
          "end": {
            "line": 90,
            "column": 21
          }
        },
        "loc": {
          "start": {
            "line": 90,
            "column": 32
          },
          "end": {
            "line": 92,
            "column": 1
          }
        },
        "line": 90
      },
      "4": {
        "name": "$RefreshSig$",
        "decl": {
          "start": {
            "line": 93,
            "column": 9
          },
          "end": {
            "line": 93,
            "column": 21
          }
        },
        "loc": {
          "start": {
            "line": 93,
            "column": 24
          },
          "end": {
            "line": 95,
            "column": 1
          }
        },
        "line": 93
      }
    },
    "branchMap": {
      "0": {
        "loc": {
          "start": {
            "line": 74,
            "column": 20
          },
          "end": {
            "line": 74,
            "column": 97
          }
        },
        "type": "binary-expr",
        "locations": [
          {
            "start": {
              "line": 74,
              "column": 20
            },
            "end": {
              "line": 74,
              "column": 60
            }
          },
          {
            "start": {
              "line": 74,
              "column": 64
            },
            "end": {
              "line": 74,
              "column": 97
            }
          }
        ],
        "line": 74
      },
      "1": {
        "loc": {
          "start": {
            "line": 75,
            "column": 0
          },
          "end": {
            "line": 89,
            "column": 1
          }
        },
        "type": "if",
        "locations": [
          {
            "start": {
              "line": 75,
              "column": 0
            },
            "end": {
              "line": 89,
              "column": 1
            }
          },
          {
            "start": {},
            "end": {}
          }
        ],
        "line": 75
      },
      "2": {
        "loc": {
          "start": {
            "line": 75,
            "column": 4
          },
          "end": {
            "line": 75,
            "column": 35
          }
        },
        "type": "binary-expr",
        "locations": [
          {
            "start": {
              "line": 75,
              "column": 4
            },
            "end": {
              "line": 75,
              "column": 19
            }
          },
          {
            "start": {
              "line": 75,
              "column": 23
            },
            "end": {
              "line": 75,
              "column": 35
            }
          }
        ],
        "line": 75
      },
      "3": {
        "loc": {
          "start": {
            "line": 76,
            "column": 2
          },
          "end": {
            "line": 80,
            "column": 3
          }
        },
        "type": "if",
        "locations": [
          {
            "start": {
              "line": 76,
              "column": 2
            },
            "end": {
              "line": 80,
              "column": 3
            }
          },
          {
            "start": {},
            "end": {}
          }
        ],
        "line": 76
      },
      "4": {
        "loc": {
          "start": {
            "line": 84,
            "column": 6
          },
          "end": {
            "line": 84,
            "column": 31
          }
        },
        "type": "if",
        "locations": [
          {
            "start": {
              "line": 84,
              "column": 6
            },
            "end": {
              "line": 84,
              "column": 31
            }
          },
          {
            "start": {},
            "end": {}
          }
        ],
        "line": 84
      },
      "5": {
        "loc": {
          "start": {
            "line": 86,
            "column": 6
          },
          "end": {
            "line": 86,
            "column": 75
          }
        },
        "type": "if",
        "locations": [
          {
            "start": {
              "line": 86,
              "column": 6
            },
            "end": {
              "line": 86,
              "column": 75
            }
          },
          {
            "start": {},
            "end": {}
          }
        ],
        "line": 86
      }
    },
    "s": {
      "0": 4,
      "1": 2,
      "2": 2,
      "3": 2,
      "4": 2,
      "5": 2,
      "6": 0,
      "7": 2,
      "8": 2,
      "9": 2,
      "10": 0,
      "11": 0,
      "12": 0,
      "13": 0,
      "14": 0,
      "15": 2,
      "16": 0
    },
    "f": {
      "0": 4,
      "1": 2,
      "2": 0,
      "3": 2,
      "4": 0
    },
    "b": {
      "0": [
        2,
        0
      ],
      "1": [
        2,
        0
      ],
      "2": [
        2,
        2
      ],
      "3": [
        0,
        2
      ],
      "4": [
        0,
        0
      ],
      "5": [
        0,
        0
      ]
    },
    "inputSourceMap": {
      "version": 3,
      "mappings": "AAU+B;AAV/B,SAASA,QAAQC,aAAa;AAC9B,OAAOC,UAAU;AACjB,OAAOC,UAAU;AACjB,OAAOC,UAAU;AACjB,OAAOC,aAAa;AACpB,OAAOC,YAAY;AAEnB,SAASC,YAAY;AACnB,SACE,uBAAC,UACC,iCAAC,SAAM,MAAK,KAAI,SAAS,uBAAC,YAAD;AAAA;AAAA;AAAA;AAAA,SAAO,GAC9B;AAAA,2BAAC,SAAM,OAAK,MAAC,SAAS,uBAAC,UAAD;AAAA;AAAA;AAAA;AAAA,WAAK,KAA3B;AAAA;AAAA;AAAA;AAAA,WAA+B;AAAA,IAC/B,uBAAC,SAAM,MAAK,QAAO,SAAS,uBAAC,UAAD;AAAA;AAAA;AAAA;AAAA,WAAK,KAAjC;AAAA;AAAA;AAAA;AAAA,WAAqC;AAAA,IACrC,uBAAC,SAAM,MAAK,QAAO,SAAS,uBAAC,UAAD;AAAA;AAAA;AAAA;AAAA,WAAK,KAAjC;AAAA;AAAA;AAAA;AAAA,WAAqC;AAAA,IACrC,uBAAC,SAAM,MAAK,UAAS,SAAS,uBAAC,UAAD;AAAA;AAAA;AAAA;AAAA,WAAK,KAAnC;AAAA;AAAA;AAAA;AAAA,WAAuC;AAAA,IACvC,uBAAC,SAAM,MAAK,WAAU,SAAS,uBAAC,aAAD;AAAA;AAAA;AAAA;AAAA,WAAQ,KAAvC;AAAA;AAAA;AAAA;AAAA,WAA2C;AAAA,OAL7C;AAAA;AAAA;AAAA;AAAA,SAMA,KAPF;AAAA;AAAA;AAAA;AAAA,SAQA;AAEJ;AAACC,KAZQD;AAcT,eAAeA;AAAU,IAAAC;AAAAC,aAAAD,IAAA",
      "names": [
        "Routes",
        "Route",
        "Home",
        "Test",
        "Auth",
        "Contact",
        "Layout",
        "AppRouter",
        "_c",
        "$RefreshReg$"
      ],
      "ignoreList": [],
      "sources": [
        "C:/Users/Laptop/Documents/Web/anime-recommendations/src/router/AppRouter.jsx"
      ],
      "file": "C:/Users/Laptop/Documents/Web/anime-recommendations/src/router/AppRouter.jsx"
    },
    "_coverageSchema": "1a1c01bbd47fc00a2c39e90264f33305004495a9",
    "hash": "09fd17b138210d26a87b2d70ea7644b56ee81026"
  },
  "C:/Users/Laptop/Documents/Web/anime-recommendations/src/App.jsx": {
    "path": "C:/Users/Laptop/Documents/Web/anime-recommendations/src/App.jsx",
    "statementMap": {
      "0": {
        "start": {
          "line": 6,
          "column": 2
        },
        "end": {
          "line": 18,
          "column": 11
        }
      },
      "1": {
        "start": {
          "line": 20,
          "column": 0
        },
        "end": {
          "line": 20,
          "column": 9
        }
      },
      "2": {
        "start": {
          "line": 23,
          "column": 0
        },
        "end": {
          "line": 23,
          "column": 24
        }
      },
      "3": {
        "start": {
          "line": 25,
          "column": 20
        },
        "end": {
          "line": 25,
          "column": 97
        }
      },
      "4": {
        "start": {
          "line": 26,
          "column": 0
        },
        "end": {
          "line": 40,
          "column": 1
        }
      },
      "5": {
        "start": {
          "line": 27,
          "column": 2
        },
        "end": {
          "line": 31,
          "column": 3
        }
      },
      "6": {
        "start": {
          "line": 28,
          "column": 4
        },
        "end": {
          "line": 30,
          "column": 6
        }
      },
      "7": {
        "start": {
          "line": 32,
          "column": 2
        },
        "end": {
          "line": 39,
          "column": 5
        }
      },
      "8": {
        "start": {
          "line": 33,
          "column": 4
        },
        "end": {
          "line": 33,
          "column": 133
        }
      },
      "9": {
        "start": {
          "line": 34,
          "column": 4
        },
        "end": {
          "line": 38,
          "column": 7
        }
      },
      "10": {
        "start": {
          "line": 35,
          "column": 6
        },
        "end": {
          "line": 35,
          "column": 31
        }
      },
      "11": {
        "start": {
          "line": 35,
          "column": 24
        },
        "end": {
          "line": 35,
          "column": 31
        }
      },
      "12": {
        "start": {
          "line": 36,
          "column": 32
        },
        "end": {
          "line": 36,
          "column": 182
        }
      },
      "13": {
        "start": {
          "line": 37,
          "column": 6
        },
        "end": {
          "line": 37,
          "column": 75
        }
      },
      "14": {
        "start": {
          "line": 37,
          "column": 29
        },
        "end": {
          "line": 37,
          "column": 75
        }
      },
      "15": {
        "start": {
          "line": 42,
          "column": 2
        },
        "end": {
          "line": 42,
          "column": 112
        }
      },
      "16": {
        "start": {
          "line": 45,
          "column": 2
        },
        "end": {
          "line": 45,
          "column": 62
        }
      }
    },
    "fnMap": {
      "0": {
        "name": "App",
        "decl": {
          "start": {
            "line": 5,
            "column": 9
          },
          "end": {
            "line": 5,
            "column": 12
          }
        },
        "loc": {
          "start": {
            "line": 5,
            "column": 15
          },
          "end": {
            "line": 19,
            "column": 1
          }
        },
        "line": 5
      },
      "1": {
        "name": "(anonymous_1)",
        "decl": {
          "start": {
            "line": 32,
            "column": 52
          },
          "end": {
            "line": 32,
            "column": 53
          }
        },
        "loc": {
          "start": {
            "line": 32,
            "column": 72
          },
          "end": {
            "line": 39,
            "column": 3
          }
        },
        "line": 32
      },
      "2": {
        "name": "(anonymous_2)",
        "decl": {
          "start": {
            "line": 34,
            "column": 27
          },
          "end": {
            "line": 34,
            "column": 28
          }
        },
        "loc": {
          "start": {
            "line": 34,
            "column": 44
          },
          "end": {
            "line": 38,
            "column": 5
          }
        },
        "line": 34
      },
      "3": {
        "name": "$RefreshReg$",
        "decl": {
          "start": {
            "line": 41,
            "column": 9
          },
          "end": {
            "line": 41,
            "column": 21
          }
        },
        "loc": {
          "start": {
            "line": 41,
            "column": 32
          },
          "end": {
            "line": 43,
            "column": 1
          }
        },
        "line": 41
      },
      "4": {
        "name": "$RefreshSig$",
        "decl": {
          "start": {
            "line": 44,
            "column": 9
          },
          "end": {
            "line": 44,
            "column": 21
          }
        },
        "loc": {
          "start": {
            "line": 44,
            "column": 24
          },
          "end": {
            "line": 46,
            "column": 1
          }
        },
        "line": 44
      }
    },
    "branchMap": {
      "0": {
        "loc": {
          "start": {
            "line": 25,
            "column": 20
          },
          "end": {
            "line": 25,
            "column": 97
          }
        },
        "type": "binary-expr",
        "locations": [
          {
            "start": {
              "line": 25,
              "column": 20
            },
            "end": {
              "line": 25,
              "column": 60
            }
          },
          {
            "start": {
              "line": 25,
              "column": 64
            },
            "end": {
              "line": 25,
              "column": 97
            }
          }
        ],
        "line": 25
      },
      "1": {
        "loc": {
          "start": {
            "line": 26,
            "column": 0
          },
          "end": {
            "line": 40,
            "column": 1
          }
        },
        "type": "if",
        "locations": [
          {
            "start": {
              "line": 26,
              "column": 0
            },
            "end": {
              "line": 40,
              "column": 1
            }
          },
          {
            "start": {},
            "end": {}
          }
        ],
        "line": 26
      },
      "2": {
        "loc": {
          "start": {
            "line": 26,
            "column": 4
          },
          "end": {
            "line": 26,
            "column": 35
          }
        },
        "type": "binary-expr",
        "locations": [
          {
            "start": {
              "line": 26,
              "column": 4
            },
            "end": {
              "line": 26,
              "column": 19
            }
          },
          {
            "start": {
              "line": 26,
              "column": 23
            },
            "end": {
              "line": 26,
              "column": 35
            }
          }
        ],
        "line": 26
      },
      "3": {
        "loc": {
          "start": {
            "line": 27,
            "column": 2
          },
          "end": {
            "line": 31,
            "column": 3
          }
        },
        "type": "if",
        "locations": [
          {
            "start": {
              "line": 27,
              "column": 2
            },
            "end": {
              "line": 31,
              "column": 3
            }
          },
          {
            "start": {},
            "end": {}
          }
        ],
        "line": 27
      },
      "4": {
        "loc": {
          "start": {
            "line": 35,
            "column": 6
          },
          "end": {
            "line": 35,
            "column": 31
          }
        },
        "type": "if",
        "locations": [
          {
            "start": {
              "line": 35,
              "column": 6
            },
            "end": {
              "line": 35,
              "column": 31
            }
          },
          {
            "start": {},
            "end": {}
          }
        ],
        "line": 35
      },
      "5": {
        "loc": {
          "start": {
            "line": 37,
            "column": 6
          },
          "end": {
            "line": 37,
            "column": 75
          }
        },
        "type": "if",
        "locations": [
          {
            "start": {
              "line": 37,
              "column": 6
            },
            "end": {
              "line": 37,
              "column": 75
            }
          },
          {
            "start": {},
            "end": {}
          }
        ],
        "line": 37
      }
    },
    "s": {
      "0": 4,
      "1": 2,
      "2": 2,
      "3": 2,
      "4": 2,
      "5": 2,
      "6": 0,
      "7": 2,
      "8": 2,
      "9": 2,
      "10": 0,
      "11": 0,
      "12": 0,
      "13": 0,
      "14": 0,
      "15": 2,
      "16": 0
    },
    "f": {
      "0": 4,
      "1": 2,
      "2": 0,
      "3": 2,
      "4": 0
    },
    "b": {
      "0": [
        2,
        0
      ],
      "1": [
        2,
        0
      ],
      "2": [
        2,
        2
      ],
      "3": [
        0,
        2
      ],
      "4": [
        0,
        0
      ],
      "5": [
        0,
        0
      ]
    },
    "inputSourceMap": {
      "version": 3,
      "mappings": "AAQQ;AARR,OAAO;AACP,OAAOA,eAAe;AACtB,SAASC,qBAAqB;AAE9B,SAASC,MAAM;AACb,SACE,uBAAC,SAAI,WAAU,OACb,iCAAC,iBACC,iCAAC,eAAD;AAAA;AAAA;AAAA;AAAA,SAAU,KADZ;AAAA;AAAA;AAAA;AAAA,SAEA,KAHF;AAAA;AAAA;AAAA;AAAA,SAIA;AAEJ;AAACC,KARQD;AAUT,eAAeA;AAAI,IAAAC;AAAAC,aAAAD,IAAA",
      "names": [
        "AppRouter",
        "BrowserRouter",
        "App",
        "_c",
        "$RefreshReg$"
      ],
      "ignoreList": [],
      "sources": [
        "C:/Users/Laptop/Documents/Web/anime-recommendations/src/App.jsx"
      ],
      "file": "C:/Users/Laptop/Documents/Web/anime-recommendations/src/App.jsx"
    },
    "_coverageSchema": "1a1c01bbd47fc00a2c39e90264f33305004495a9",
    "hash": "319ed246d97c86cccf652fe089f773fd97d50172"
  },
  "C:/Users/Laptop/Documents/Web/anime-recommendations/src/main.jsx": {
    "path": "C:/Users/Laptop/Documents/Web/anime-recommendations/src/main.jsx",
    "statementMap": {
      "0": {
        "start": {
          "line": 6,
          "column": 0
        },
        "end": {
          "line": 16,
          "column": 2
        }
      }
    },
    "fnMap": {},
    "branchMap": {},
    "s": {
      "0": 2
    },
    "f": {},
    "b": {},
    "inputSourceMap": {
      "version": 3,
      "mappings": "AAOI;AAPJ,SAASA,kBAAkB;AAC3B,SAASC,kBAAkB;AAC3B,OAAO;AACP,OAAOC,SAAS;AAEhBD,WAAWE,SAASC,eAAe,MAAM,CAAC,EAAEC;AAAAA,EAC1C,uBAAC,cACC,iCAAC,SAAD;AAAA;AAAA;AAAA;AAAA,SAAI,KADN;AAAA;AAAA;AAAA;AAAA,SAEA;AACF",
      "names": [
        "StrictMode",
        "createRoot",
        "App",
        "document",
        "getElementById",
        "render"
      ],
      "ignoreList": [],
      "sources": [
        "C:/Users/Laptop/Documents/Web/anime-recommendations/src/main.jsx"
      ],
      "file": "C:/Users/Laptop/Documents/Web/anime-recommendations/src/main.jsx"
    },
    "_coverageSchema": "1a1c01bbd47fc00a2c39e90264f33305004495a9",
    "hash": "fbd1591a405afc0d3ee9318a4816608b210056e1"
  }
}