<?xml version="1.0" encoding="UTF-8"?>
<coverage generated="1764952014431" clover="3.2.0">
  <project timestamp="1764952014431" name="All files">
    <metrics statements="13" coveredstatements="13" conditionals="0" coveredconditionals="0" methods="4" coveredmethods="4" elements="17" coveredelements="17" complexity="0" loc="13" ncloc="13" packages="1" files="2" classes="2"/>
    <file name="Features.cy.jsx" path="C:/Users/Laptop/Documents/Web/anime-recommendations/src/components/Features/Features.cy.jsx">
      <metrics statements="8" coveredstatements="8" conditionals="0" coveredconditionals="0" methods="2" coveredmethods="2"/>
      <line num="4" count="2" type="stmt"/>
      <line num="5" count="2" type="stmt"/>
      <line num="6" count="2" type="stmt"/>
      <line num="8" count="2" type="stmt"/>
      <line num="9" count="2" type="stmt"/>
      <line num="10" count="2" type="stmt"/>
      <line num="11" count="2" type="stmt"/>
      <line num="12" count="2" type="stmt"/>
    </file>
    <file name="Features.jsx" path="C:/Users/Laptop/Documents/Web/anime-recommendations/src/components/Features/Features.jsx">
      <metrics statements="5" coveredstatements="5" conditionals="0" coveredconditionals="0" methods="2" coveredmethods="2"/>
      <line num="4" count="2" type="stmt"/>
      <line num="22" count="2" type="stmt"/>
      <line num="28" count="6" type="stmt"/>
      <line num="38" count="2" type="stmt"/>
      <line num="40" count="2" type="stmt"/>
    </file>
  </project>
</coverage>
