{"total": {"lines":{"total":228,"covered":110,"skipped":0,"pct":48.24},"statements":{"total":240,"covered":114,"skipped":0,"pct":47.5},"functions":{"total":56,"covered":21,"skipped":0,"pct":37.5},"branches":{"total":69,"covered":16,"skipped":0,"pct":23.18},"branchesTrue":{"total":0,"covered":0,"skipped":0,"pct":100}}
,"C:/Users/Laptop/Documents/Web/anime-recommendations/src/App.jsx": {"lines":{"total":3,"covered":3,"skipped":0,"pct":100},"functions":{"total":1,"covered":1,"skipped":0,"pct":100},"statements":{"total":3,"covered":3,"skipped":0,"pct":100},"branches":{"total":0,"covered":0,"skipped":0,"pct":100}}
,"C:/Users/Laptop/Documents/Web/anime-recommendations/src/main.jsx": {"lines":{"total":1,"covered":1,"skipped":0,"pct":100},"functions":{"total":0,"covered":0,"skipped":0,"pct":100},"statements":{"total":1,"covered":1,"skipped":0,"pct":100},"branches":{"total":0,"covered":0,"skipped":0,"pct":100}}
,"C:/Users/Laptop/Documents/Web/anime-recommendations/src/components/AuthBackground/AuthBackground.jsx": {"lines":{"total":3,"covered":2,"skipped":0,"pct":66.66},"functions":{"total":1,"covered":0,"skipped":0,"pct":0},"statements":{"total":3,"covered":2,"skipped":0,"pct":66.66},"branches":{"total":2,"covered":0,"skipped":0,"pct":0}}
,"C:/Users/Laptop/Documents/Web/anime-recommendations/src/components/Buttons/BackButton/BackButton.jsx": {"lines":{"total":3,"covered":3,"skipped":0,"pct":100},"functions":{"total":1,"covered":1,"skipped":0,"pct":100},"statements":{"total":3,"covered":3,"skipped":0,"pct":100},"branches":{"total":0,"covered":0,"skipped":0,"pct":100}}
,"C:/Users/Laptop/Documents/Web/anime-recommendations/src/components/Buttons/ContactButton/ContactButton.jsx": {"lines":{"total":3,"covered":2,"skipped":0,"pct":66.66},"functions":{"total":1,"covered":0,"skipped":0,"pct":0},"statements":{"total":3,"covered":2,"skipped":0,"pct":66.66},"branches":{"total":0,"covered":0,"skipped":0,"pct":100}}
,"C:/Users/Laptop/Documents/Web/anime-recommendations/src/components/Buttons/GetRecButton/GetRecButton.jsx": {"lines":{"total":3,"covered":2,"skipped":0,"pct":66.66},"functions":{"total":1,"covered":0,"skipped":0,"pct":0},"statements":{"total":3,"covered":2,"skipped":0,"pct":66.66},"branches":{"total":0,"covered":0,"skipped":0,"pct":100}}
,"C:/Users/Laptop/Documents/Web/anime-recommendations/src/components/Buttons/LoginButton/LoginButton.jsx": {"lines":{"total":3,"covered":2,"skipped":0,"pct":66.66},"functions":{"total":1,"covered":0,"skipped":0,"pct":0},"statements":{"total":3,"covered":2,"skipped":0,"pct":66.66},"branches":{"total":0,"covered":0,"skipped":0,"pct":100}}
,"C:/Users/Laptop/Documents/Web/anime-recommendations/src/components/Buttons/LoginButtonFooter/LoginButtonFooter.jsx": {"lines":{"total":3,"covered":3,"skipped":0,"pct":100},"functions":{"total":1,"covered":1,"skipped":0,"pct":100},"statements":{"total":3,"covered":3,"skipped":0,"pct":100},"branches":{"total":0,"covered":0,"skipped":0,"pct":100}}
,"C:/Users/Laptop/Documents/Web/anime-recommendations/src/components/Buttons/RegisterButton/RegisterButton.jsx": {"lines":{"total":3,"covered":2,"skipped":0,"pct":66.66},"functions":{"total":1,"covered":0,"skipped":0,"pct":0},"statements":{"total":3,"covered":2,"skipped":0,"pct":66.66},"branches":{"total":0,"covered":0,"skipped":0,"pct":100}}
,"C:/Users/Laptop/Documents/Web/anime-recommendations/src/components/Buttons/RegisterButtonFooter/RegisterButtonFooter.jsx": {"lines":{"total":3,"covered":3,"skipped":0,"pct":100},"functions":{"total":1,"covered":1,"skipped":0,"pct":100},"statements":{"total":3,"covered":3,"skipped":0,"pct":100},"branches":{"total":0,"covered":0,"skipped":0,"pct":100}}
,"C:/Users/Laptop/Documents/Web/anime-recommendations/src/components/Buttons/SubmitTestButton/SubmitTestButton.jsx": {"lines":{"total":3,"covered":3,"skipped":0,"pct":100},"functions":{"total":1,"covered":1,"skipped":0,"pct":100},"statements":{"total":3,"covered":3,"skipped":0,"pct":100},"branches":{"total":0,"covered":0,"skipped":0,"pct":100}}
,"C:/Users/Laptop/Documents/Web/anime-recommendations/src/components/ContactForm/ContactForm.jsx": {"lines":{"total":16,"covered":3,"skipped":0,"pct":18.75},"functions":{"total":4,"covered":0,"skipped":0,"pct":0},"statements":{"total":18,"covered":3,"skipped":0,"pct":16.66},"branches":{"total":9,"covered":0,"skipped":0,"pct":0}}
,"C:/Users/Laptop/Documents/Web/anime-recommendations/src/components/ContactText/ContactText.jsx": {"lines":{"total":3,"covered":2,"skipped":0,"pct":66.66},"functions":{"total":1,"covered":0,"skipped":0,"pct":0},"statements":{"total":3,"covered":2,"skipped":0,"pct":66.66},"branches":{"total":0,"covered":0,"skipped":0,"pct":100}}
,"C:/Users/Laptop/Documents/Web/anime-recommendations/src/components/Features/Features.jsx": {"lines":{"total":5,"covered":2,"skipped":0,"pct":40},"functions":{"total":2,"covered":0,"skipped":0,"pct":0},"statements":{"total":5,"covered":2,"skipped":0,"pct":40},"branches":{"total":0,"covered":0,"skipped":0,"pct":100}}
,"C:/Users/Laptop/Documents/Web/anime-recommendations/src/components/Footer/Footer.jsx": {"lines":{"total":3,"covered":3,"skipped":0,"pct":100},"functions":{"total":1,"covered":1,"skipped":0,"pct":100},"statements":{"total":3,"covered":3,"skipped":0,"pct":100},"branches":{"total":6,"covered":4,"skipped":0,"pct":66.66}}
,"C:/Users/Laptop/Documents/Web/anime-recommendations/src/components/Header/Header.jsx": {"lines":{"total":3,"covered":3,"skipped":0,"pct":100},"functions":{"total":1,"covered":1,"skipped":0,"pct":100},"statements":{"total":3,"covered":3,"skipped":0,"pct":100},"branches":{"total":3,"covered":2,"skipped":0,"pct":66.66}}
,"C:/Users/Laptop/Documents/Web/anime-recommendations/src/components/Hero/Hero.jsx": {"lines":{"total":3,"covered":2,"skipped":0,"pct":66.66},"functions":{"total":1,"covered":0,"skipped":0,"pct":0},"statements":{"total":3,"covered":2,"skipped":0,"pct":66.66},"branches":{"total":0,"covered":0,"skipped":0,"pct":100}}
,"C:/Users/Laptop/Documents/Web/anime-recommendations/src/components/Intro/Intro.jsx": {"lines":{"total":3,"covered":2,"skipped":0,"pct":66.66},"functions":{"total":1,"covered":0,"skipped":0,"pct":0},"statements":{"total":3,"covered":2,"skipped":0,"pct":66.66},"branches":{"total":0,"covered":0,"skipped":0,"pct":100}}
,"C:/Users/Laptop/Documents/Web/anime-recommendations/src/components/LoginForm/LoginForm.jsx": {"lines":{"total":18,"covered":3,"skipped":0,"pct":16.66},"functions":{"total":4,"covered":0,"skipped":0,"pct":0},"statements":{"total":20,"covered":3,"skipped":0,"pct":15},"branches":{"total":9,"covered":0,"skipped":0,"pct":0}}
,"C:/Users/Laptop/Documents/Web/anime-recommendations/src/components/Questions/Questions.jsx": {"lines":{"total":7,"covered":5,"skipped":0,"pct":71.42},"functions":{"total":5,"covered":3,"skipped":0,"pct":60},"statements":{"total":7,"covered":5,"skipped":0,"pct":71.42},"branches":{"total":0,"covered":0,"skipped":0,"pct":100}}
,"C:/Users/Laptop/Documents/Web/anime-recommendations/src/components/RegisterForm/RegisterForm.jsx": {"lines":{"total":15,"covered":3,"skipped":0,"pct":20},"functions":{"total":4,"covered":0,"skipped":0,"pct":0},"statements":{"total":17,"covered":3,"skipped":0,"pct":17.64},"branches":{"total":6,"covered":0,"skipped":0,"pct":0}}
,"C:/Users/Laptop/Documents/Web/anime-recommendations/src/components/Results/Results.jsx": {"lines":{"total":3,"covered":3,"skipped":0,"pct":100},"functions":{"total":1,"covered":1,"skipped":0,"pct":100},"statements":{"total":3,"covered":3,"skipped":0,"pct":100},"branches":{"total":2,"covered":2,"skipped":0,"pct":100}}
,"C:/Users/Laptop/Documents/Web/anime-recommendations/src/hooks/useAnimeData.js": {"lines":{"total":12,"covered":10,"skipped":0,"pct":83.33},"functions":{"total":3,"covered":3,"skipped":0,"pct":100},"statements":{"total":12,"covered":10,"skipped":0,"pct":83.33},"branches":{"total":1,"covered":0,"skipped":0,"pct":0}}
,"C:/Users/Laptop/Documents/Web/anime-recommendations/src/hooks/useContact.js": {"lines":{"total":14,"covered":1,"skipped":0,"pct":7.14},"functions":{"total":2,"covered":0,"skipped":0,"pct":0},"statements":{"total":14,"covered":1,"skipped":0,"pct":7.14},"branches":{"total":5,"covered":0,"skipped":0,"pct":0}}
,"C:/Users/Laptop/Documents/Web/anime-recommendations/src/hooks/useUserSession.js": {"lines":{"total":36,"covered":1,"skipped":0,"pct":2.77},"functions":{"total":5,"covered":0,"skipped":0,"pct":0},"statements":{"total":36,"covered":1,"skipped":0,"pct":2.77},"branches":{"total":7,"covered":0,"skipped":0,"pct":0}}
,"C:/Users/Laptop/Documents/Web/anime-recommendations/src/pages/Auth/Auth.jsx": {"lines":{"total":6,"covered":3,"skipped":0,"pct":50},"functions":{"total":2,"covered":0,"skipped":0,"pct":0},"statements":{"total":8,"covered":3,"skipped":0,"pct":37.5},"branches":{"total":4,"covered":0,"skipped":0,"pct":0}}
,"C:/Users/Laptop/Documents/Web/anime-recommendations/src/pages/Contact/Contact.jsx": {"lines":{"total":3,"covered":2,"skipped":0,"pct":66.66},"functions":{"total":1,"covered":0,"skipped":0,"pct":0},"statements":{"total":3,"covered":2,"skipped":0,"pct":66.66},"branches":{"total":0,"covered":0,"skipped":0,"pct":100}}
,"C:/Users/Laptop/Documents/Web/anime-recommendations/src/pages/Home/Home.jsx": {"lines":{"total":3,"covered":2,"skipped":0,"pct":66.66},"functions":{"total":1,"covered":0,"skipped":0,"pct":0},"statements":{"total":3,"covered":2,"skipped":0,"pct":66.66},"branches":{"total":0,"covered":0,"skipped":0,"pct":100}}
,"C:/Users/Laptop/Documents/Web/anime-recommendations/src/pages/Test/Test.jsx": {"lines":{"total":21,"covered":19,"skipped":0,"pct":90.47},"functions":{"total":4,"covered":4,"skipped":0,"pct":100},"statements":{"total":23,"covered":21,"skipped":0,"pct":91.3},"branches":{"total":6,"covered":4,"skipped":0,"pct":66.66}}
,"C:/Users/Laptop/Documents/Web/anime-recommendations/src/router/AppRouter.jsx": {"lines":{"total":3,"covered":3,"skipped":0,"pct":100},"functions":{"total":1,"covered":1,"skipped":0,"pct":100},"statements":{"total":3,"covered":3,"skipped":0,"pct":100},"branches":{"total":0,"covered":0,"skipped":0,"pct":100}}
,"C:/Users/Laptop/Documents/Web/anime-recommendations/src/router/Layout.jsx": {"lines":{"total":20,"covered":12,"skipped":0,"pct":60},"functions":{"total":2,"covered":2,"skipped":0,"pct":100},"statements":{"total":22,"covered":14,"skipped":0,"pct":63.63},"branches":{"total":9,"covered":4,"skipped":0,"pct":44.44}}
}
