{"C:/Users/Laptop/Documents/Web/anime-recommendations/src/App.jsx": {"path":"C:/Users/Laptop/Documents/Web/anime-recommendations/src/App.jsx","statementMap":{"0":{"start":{"line":6,"column":2},"end":{"line":11,"column":null}},"1":{"start":{"line":13,"column":1},"end":{"line":5,"column":15}},"2":{"start":{"line":15,"column":19},"end":{"line":15,"column":null}}},"fnMap":{"0":{"name":"App","decl":{"start":{"line":5,"column":9},"end":{"line":5,"column":15}},"loc":{"start":{"line":5,"column":15},"end":{"line":13,"column":1}}}},"branchMap":{},"s":{"0":4,"1":2,"2":2},"f":{"0":4},"b":{}}
,"C:/Users/Laptop/Documents/Web/anime-recommendations/src/main.jsx": {"path":"C:/Users/Laptop/Documents/Web/anime-recommendations/src/main.jsx","statementMap":{"0":{"start":{"line":6,"column":0},"end":{"line":10,"column":null}}},"fnMap":{},"branchMap":{},"s":{"0":2},"f":{},"b":{}}
,"C:/Users/Laptop/Documents/Web/anime-recommendations/src/components/AuthBackground/AuthBackground.jsx": {"path":"C:/Users/Laptop/Documents/Web/anime-recommendations/src/components/AuthBackground/AuthBackground.jsx","statementMap":{"0":{"start":{"line":2,"column":2},"end":{"line":15,"column":null}},"1":{"start":{"line":17,"column":1},"end":{"line":1,"column":24}},"2":{"start":{"line":19,"column":30},"end":{"line":19,"column":null}}},"fnMap":{"0":{"name":"AuthBackground","decl":{"start":{"line":1,"column":9},"end":{"line":1,"column":24}},"loc":{"start":{"line":1,"column":37},"end":{"line":17,"column":1}}}},"branchMap":{"0":{"loc":{"start":{"line":4,"column":7},"end":{"line":13,"column":null}},"type":"cond-expr","locations":[{"start":{"line":5,"column":8},"end":{"line":8,"column":null}},{"start":{"line":10,"column":8},"end":{"line":13,"column":null}}]}},"s":{"0":0,"1":2,"2":2},"f":{"0":0},"b":{"0":[0,0]}}
,"C:/Users/Laptop/Documents/Web/anime-recommendations/src/components/Buttons/BackButton/BackButton.jsx": {"path":"C:/Users/Laptop/Documents/Web/anime-recommendations/src/components/Buttons/BackButton/BackButton.jsx","statementMap":{"0":{"start":{"line":5,"column":4},"end":{"line":8,"column":null}},"1":{"start":{"line":10,"column":1},"end":{"line":4,"column":22}},"2":{"start":{"line":12,"column":26},"end":{"line":12,"column":null}}},"fnMap":{"0":{"name":"BackButton","decl":{"start":{"line":4,"column":9},"end":{"line":4,"column":22}},"loc":{"start":{"line":4,"column":22},"end":{"line":10,"column":1}}}},"branchMap":{},"s":{"0":4,"1":2,"2":2},"f":{"0":4},"b":{}}
,"C:/Users/Laptop/Documents/Web/anime-recommendations/src/components/Buttons/ContactButton/ContactButton.jsx": {"path":"C:/Users/Laptop/Documents/Web/anime-recommendations/src/components/Buttons/ContactButton/ContactButton.jsx","statementMap":{"0":{"start":{"line":4,"column":4},"end":{"line":7,"column":null}},"1":{"start":{"line":9,"column":1},"end":{"line":3,"column":25}},"2":{"start":{"line":11,"column":29},"end":{"line":11,"column":null}}},"fnMap":{"0":{"name":"ContactButton","decl":{"start":{"line":3,"column":9},"end":{"line":3,"column":25}},"loc":{"start":{"line":3,"column":25},"end":{"line":9,"column":1}}}},"branchMap":{},"s":{"0":0,"1":2,"2":2},"f":{"0":0},"b":{}}
,"C:/Users/Laptop/Documents/Web/anime-recommendations/src/components/Buttons/GetRecButton/GetRecButton.jsx": {"path":"C:/Users/Laptop/Documents/Web/anime-recommendations/src/components/Buttons/GetRecButton/GetRecButton.jsx","statementMap":{"0":{"start":{"line":5,"column":4},"end":{"line":8,"column":null}},"1":{"start":{"line":10,"column":1},"end":{"line":4,"column":24}},"2":{"start":{"line":12,"column":28},"end":{"line":12,"column":null}}},"fnMap":{"0":{"name":"GetRecButton","decl":{"start":{"line":4,"column":9},"end":{"line":4,"column":24}},"loc":{"start":{"line":4,"column":24},"end":{"line":10,"column":1}}}},"branchMap":{},"s":{"0":0,"1":2,"2":2},"f":{"0":0},"b":{}}
,"C:/Users/Laptop/Documents/Web/anime-recommendations/src/components/Buttons/LoginButton/LoginButton.jsx": {"path":"C:/Users/Laptop/Documents/Web/anime-recommendations/src/components/Buttons/LoginButton/LoginButton.jsx","statementMap":{"0":{"start":{"line":4,"column":2},"end":{"line":7,"column":null}},"1":{"start":{"line":9,"column":1},"end":{"line":3,"column":23}},"2":{"start":{"line":11,"column":27},"end":{"line":11,"column":null}}},"fnMap":{"0":{"name":"LoginButton","decl":{"start":{"line":3,"column":9},"end":{"line":3,"column":23}},"loc":{"start":{"line":3,"column":23},"end":{"line":9,"column":1}}}},"branchMap":{},"s":{"0":0,"1":2,"2":2},"f":{"0":0},"b":{}}
,"C:/Users/Laptop/Documents/Web/anime-recommendations/src/components/Buttons/LoginButtonFooter/LoginButtonFooter.jsx": {"path":"C:/Users/Laptop/Documents/Web/anime-recommendations/src/components/Buttons/LoginButtonFooter/LoginButtonFooter.jsx","statementMap":{"0":{"start":{"line":5,"column":4},"end":{"line":8,"column":null}},"1":{"start":{"line":10,"column":1},"end":{"line":4,"column":29}},"2":{"start":{"line":12,"column":33},"end":{"line":12,"column":null}}},"fnMap":{"0":{"name":"LoginButtonFooter","decl":{"start":{"line":4,"column":9},"end":{"line":4,"column":29}},"loc":{"start":{"line":4,"column":29},"end":{"line":10,"column":1}}}},"branchMap":{},"s":{"0":4,"1":2,"2":2},"f":{"0":4},"b":{}}
,"C:/Users/Laptop/Documents/Web/anime-recommendations/src/components/Buttons/RegisterButton/RegisterButton.jsx": {"path":"C:/Users/Laptop/Documents/Web/anime-recommendations/src/components/Buttons/RegisterButton/RegisterButton.jsx","statementMap":{"0":{"start":{"line":4,"column":2},"end":{"line":7,"column":null}},"1":{"start":{"line":9,"column":1},"end":{"line":3,"column":26}},"2":{"start":{"line":11,"column":30},"end":{"line":11,"column":null}}},"fnMap":{"0":{"name":"RegisterButton","decl":{"start":{"line":3,"column":9},"end":{"line":3,"column":26}},"loc":{"start":{"line":3,"column":26},"end":{"line":9,"column":1}}}},"branchMap":{},"s":{"0":0,"1":2,"2":2},"f":{"0":0},"b":{}}
,"C:/Users/Laptop/Documents/Web/anime-recommendations/src/components/Buttons/RegisterButtonFooter/RegisterButtonFooter.jsx": {"path":"C:/Users/Laptop/Documents/Web/anime-recommendations/src/components/Buttons/RegisterButtonFooter/RegisterButtonFooter.jsx","statementMap":{"0":{"start":{"line":5,"column":4},"end":{"line":8,"column":null}},"1":{"start":{"line":10,"column":1},"end":{"line":4,"column":32}},"2":{"start":{"line":12,"column":36},"end":{"line":12,"column":null}}},"fnMap":{"0":{"name":"RegisterButtonFooter","decl":{"start":{"line":4,"column":9},"end":{"line":4,"column":32}},"loc":{"start":{"line":4,"column":32},"end":{"line":10,"column":1}}}},"branchMap":{},"s":{"0":4,"1":2,"2":2},"f":{"0":4},"b":{}}
,"C:/Users/Laptop/Documents/Web/anime-recommendations/src/components/Buttons/SubmitTestButton/SubmitTestButton.jsx": {"path":"C:/Users/Laptop/Documents/Web/anime-recommendations/src/components/Buttons/SubmitTestButton/SubmitTestButton.jsx","statementMap":{"0":{"start":{"line":4,"column":2},"end":{"line":10,"column":null}},"1":{"start":{"line":12,"column":1},"end":{"line":3,"column":26}},"2":{"start":{"line":14,"column":32},"end":{"line":14,"column":null}}},"fnMap":{"0":{"name":"SubmitTestButton","decl":{"start":{"line":3,"column":9},"end":{"line":3,"column":26}},"loc":{"start":{"line":3,"column":39},"end":{"line":12,"column":1}}}},"branchMap":{},"s":{"0":10,"1":2,"2":2},"f":{"0":10},"b":{}}
,"C:/Users/Laptop/Documents/Web/anime-recommendations/src/components/ContactForm/ContactForm.jsx": {"path":"C:/Users/Laptop/Documents/Web/anime-recommendations/src/components/ContactForm/ContactForm.jsx","statementMap":{"0":{"start":{"line":6,"column":54},"end":{"line":6,"column":null}},"1":{"start":{"line":7,"column":56},"end":{"line":7,"column":null}},"2":{"start":{"line":8,"column":34},"end":{"line":12,"column":null}},"3":{"start":{"line":14,"column":23},"end":{"line":19,"column":null}},"4":{"start":{"line":15,"column":4},"end":{"line":18,"column":null}},"5":{"start":{"line":21,"column":23},"end":{"line":38,"column":null}},"6":{"start":{"line":22,"column":4},"end":{"line":22,"column":null}},"7":{"start":{"line":24,"column":4},"end":{"line":27,"column":null}},"8":{"start":{"line":25,"column":6},"end":{"line":25,"column":null}},"9":{"start":{"line":26,"column":6},"end":{"line":26,"column":null}},"10":{"start":{"line":29,"column":19},"end":{"line":29,"column":null}},"11":{"start":{"line":31,"column":4},"end":{"line":37,"column":null}},"12":{"start":{"line":32,"column":6},"end":{"line":36,"column":null}},"13":{"start":{"line":40,"column":2},"end":{"line":89,"column":null}},"14":{"start":{"line":91,"column":1},"end":{"line":7,"column":71}},"15":{"start":{"line":6,"column":20},"end":{"line":7,"column":71}},"16":{"start":{"line":7,"column":70},"end":{"line":6,"column":20}},"17":{"start":{"line":93,"column":27},"end":{"line":93,"column":null}}},"fnMap":{"0":{"name":"ContactForm","decl":{"start":{"line":6,"column":9},"end":{"line":6,"column":20}},"loc":{"start":{"line":6,"column":54},"end":{"line":91,"column":1}}},"1":{"name":"(anonymous_1)","decl":{"start":{"line":14,"column":23},"end":{"line":14,"column":24}},"loc":{"start":{"line":14,"column":30},"end":{"line":19,"column":null}}},"2":{"name":"(anonymous_2)","decl":{"start":{"line":21,"column":23},"end":{"line":21,"column":30}},"loc":{"start":{"line":21,"column":36},"end":{"line":38,"column":null}}},"3":{"name":"(anonymous_3)","decl":{"start":{"line":6,"column":20},"end":{"line":6,"column":21}},"loc":{"start":{"line":6,"column":20},"end":{"line":7,"column":71}}}},"branchMap":{"0":{"loc":{"start":{"line":6,"column":23},"end":{"line":6,"column":51}},"type":"default-arg","locations":[{"start":{"line":6,"column":40},"end":{"line":6,"column":51}}]},"1":{"loc":{"start":{"line":24,"column":4},"end":{"line":27,"column":null}},"type":"if","locations":[{"start":{"line":24,"column":4},"end":{"line":27,"column":null}}]},"2":{"loc":{"start":{"line":31,"column":4},"end":{"line":37,"column":null}},"type":"if","locations":[{"start":{"line":31,"column":4},"end":{"line":37,"column":null}}]},"3":{"loc":{"start":{"line":31,"column":8},"end":{"line":31,"column":34}},"type":"binary-expr","locations":[{"start":{"line":31,"column":8},"end":{"line":31,"column":18}},{"start":{"line":31,"column":18},"end":{"line":31,"column":34}}]},"4":{"loc":{"start":{"line":83,"column":11},"end":{"line":83,"column":null}},"type":"binary-expr","locations":[{"start":{"line":83,"column":11},"end":{"line":83,"column":27}},{"start":{"line":83,"column":27},"end":{"line":83,"column":null}}]},"5":{"loc":{"start":{"line":84,"column":11},"end":{"line":84,"column":null}},"type":"binary-expr","locations":[{"start":{"line":84,"column":11},"end":{"line":84,"column":29}},{"start":{"line":84,"column":29},"end":{"line":84,"column":null}}]}},"s":{"0":0,"1":0,"2":0,"3":0,"4":0,"5":0,"6":0,"7":0,"8":0,"9":0,"10":0,"11":0,"12":0,"13":0,"14":2,"15":0,"16":2,"17":2},"f":{"0":0,"1":0,"2":0,"3":0},"b":{"0":[0],"1":[0],"2":[0],"3":[0,0],"4":[0,0],"5":[0,0]}}
,"C:/Users/Laptop/Documents/Web/anime-recommendations/src/components/ContactText/ContactText.jsx": {"path":"C:/Users/Laptop/Documents/Web/anime-recommendations/src/components/ContactText/ContactText.jsx","statementMap":{"0":{"start":{"line":4,"column":4},"end":{"line":12,"column":null}},"1":{"start":{"line":14,"column":1},"end":{"line":3,"column":23}},"2":{"start":{"line":16,"column":27},"end":{"line":16,"column":null}}},"fnMap":{"0":{"name":"ContactText","decl":{"start":{"line":3,"column":9},"end":{"line":3,"column":23}},"loc":{"start":{"line":3,"column":23},"end":{"line":14,"column":1}}}},"branchMap":{},"s":{"0":0,"1":2,"2":2},"f":{"0":0},"b":{}}
,"C:/Users/Laptop/Documents/Web/anime-recommendations/src/components/Features/Features.jsx": {"path":"C:/Users/Laptop/Documents/Web/anime-recommendations/src/components/Features/Features.jsx","statementMap":{"0":{"start":{"line":4,"column":21},"end":{"line":19,"column":null}},"1":{"start":{"line":22,"column":4},"end":{"line":36,"column":null}},"2":{"start":{"line":28,"column":24},"end":{"line":32,"column":null}},"3":{"start":{"line":38,"column":1},"end":{"line":3,"column":20}},"4":{"start":{"line":40,"column":24},"end":{"line":40,"column":null}}},"fnMap":{"0":{"name":"Features","decl":{"start":{"line":3,"column":9},"end":{"line":3,"column":20}},"loc":{"start":{"line":3,"column":20},"end":{"line":38,"column":1}}},"1":{"name":"(anonymous_1)","decl":{"start":{"line":27,"column":34},"end":{"line":27,"column":35}},"loc":{"start":{"line":28,"column":24},"end":{"line":32,"column":null}}}},"branchMap":{},"s":{"0":0,"1":0,"2":0,"3":2,"4":2},"f":{"0":0,"1":0},"b":{}}
,"C:/Users/Laptop/Documents/Web/anime-recommendations/src/components/Footer/Footer.jsx": {"path":"C:/Users/Laptop/Documents/Web/anime-recommendations/src/components/Footer/Footer.jsx","statementMap":{"0":{"start":{"line":7,"column":4},"end":{"line":37,"column":null}},"1":{"start":{"line":39,"column":1},"end":{"line":6,"column":16}},"2":{"start":{"line":41,"column":22},"end":{"line":41,"column":null}}},"fnMap":{"0":{"name":"Footer","decl":{"start":{"line":6,"column":9},"end":{"line":6,"column":16}},"loc":{"start":{"line":6,"column":68},"end":{"line":39,"column":1}}}},"branchMap":{"0":{"loc":{"start":{"line":6,"column":18},"end":{"line":6,"column":42}},"type":"default-arg","locations":[{"start":{"line":6,"column":36},"end":{"line":6,"column":42}}]},"1":{"loc":{"start":{"line":6,"column":42},"end":{"line":6,"column":65}},"type":"default-arg","locations":[{"start":{"line":6,"column":60},"end":{"line":6,"column":65}}]},"2":{"loc":{"start":{"line":18,"column":17},"end":{"line":22,"column":null}},"type":"binary-expr","locations":[{"start":{"line":18,"column":17},"end":{"line":18,"column":null}},{"start":{"line":19,"column":20},"end":{"line":22,"column":null}}]},"3":{"loc":{"start":{"line":25,"column":17},"end":{"line":30,"column":null}},"type":"binary-expr","locations":[{"start":{"line":25,"column":17},"end":{"line":25,"column":null}},{"start":{"line":26,"column":20},"end":{"line":30,"column":null}}]}},"s":{"0":4,"1":2,"2":2},"f":{"0":4},"b":{"0":[0],"1":[0],"2":[4,4],"3":[4,4]}}
,"C:/Users/Laptop/Documents/Web/anime-recommendations/src/components/Header/Header.jsx": {"path":"C:/Users/Laptop/Documents/Web/anime-recommendations/src/components/Header/Header.jsx","statementMap":{"0":{"start":{"line":5,"column":4},"end":{"line":11,"column":null}},"1":{"start":{"line":13,"column":1},"end":{"line":4,"column":16}},"2":{"start":{"line":15,"column":22},"end":{"line":15,"column":null}}},"fnMap":{"0":{"name":"Header","decl":{"start":{"line":4,"column":9},"end":{"line":4,"column":16}},"loc":{"start":{"line":4,"column":44},"end":{"line":13,"column":1}}}},"branchMap":{"0":{"loc":{"start":{"line":4,"column":18},"end":{"line":4,"column":41}},"type":"default-arg","locations":[{"start":{"line":4,"column":35},"end":{"line":4,"column":41}}]},"1":{"loc":{"start":{"line":9,"column":17},"end":{"line":9,"column":null}},"type":"binary-expr","locations":[{"start":{"line":9,"column":17},"end":{"line":9,"column":35}},{"start":{"line":9,"column":35},"end":{"line":9,"column":null}}]}},"s":{"0":4,"1":2,"2":2},"f":{"0":4},"b":{"0":[0],"1":[4,4]}}
,"C:/Users/Laptop/Documents/Web/anime-recommendations/src/components/Hero/Hero.jsx": {"path":"C:/Users/Laptop/Documents/Web/anime-recommendations/src/components/Hero/Hero.jsx","statementMap":{"0":{"start":{"line":5,"column":4},"end":{"line":12,"column":null}},"1":{"start":{"line":14,"column":1},"end":{"line":4,"column":16}},"2":{"start":{"line":16,"column":20},"end":{"line":16,"column":null}}},"fnMap":{"0":{"name":"Hero","decl":{"start":{"line":4,"column":9},"end":{"line":4,"column":16}},"loc":{"start":{"line":4,"column":16},"end":{"line":14,"column":1}}}},"branchMap":{},"s":{"0":0,"1":2,"2":2},"f":{"0":0},"b":{}}
,"C:/Users/Laptop/Documents/Web/anime-recommendations/src/components/Intro/Intro.jsx": {"path":"C:/Users/Laptop/Documents/Web/anime-recommendations/src/components/Intro/Intro.jsx","statementMap":{"0":{"start":{"line":4,"column":4},"end":{"line":9,"column":null}},"1":{"start":{"line":11,"column":1},"end":{"line":3,"column":17}},"2":{"start":{"line":13,"column":21},"end":{"line":13,"column":null}}},"fnMap":{"0":{"name":"Intro","decl":{"start":{"line":3,"column":9},"end":{"line":3,"column":17}},"loc":{"start":{"line":3,"column":17},"end":{"line":11,"column":1}}}},"branchMap":{},"s":{"0":0,"1":2,"2":2},"f":{"0":0},"b":{}}
,"C:/Users/Laptop/Documents/Web/anime-recommendations/src/components/LoginForm/LoginForm.jsx": {"path":"C:/Users/Laptop/Documents/Web/anime-recommendations/src/components/LoginForm/LoginForm.jsx","statementMap":{"0":{"start":{"line":6,"column":60},"end":{"line":6,"column":null}},"1":{"start":{"line":7,"column":48},"end":{"line":7,"column":null}},"2":{"start":{"line":8,"column":34},"end":{"line":8,"column":null}},"3":{"start":{"line":9,"column":19},"end":{"line":9,"column":null}},"4":{"start":{"line":11,"column":23},"end":{"line":13,"column":null}},"5":{"start":{"line":12,"column":4},"end":{"line":12,"column":null}},"6":{"start":{"line":15,"column":23},"end":{"line":31,"column":null}},"7":{"start":{"line":16,"column":4},"end":{"line":16,"column":null}},"8":{"start":{"line":19,"column":4},"end":{"line":22,"column":null}},"9":{"start":{"line":20,"column":6},"end":{"line":20,"column":null}},"10":{"start":{"line":21,"column":6},"end":{"line":21,"column":null}},"11":{"start":{"line":25,"column":19},"end":{"line":25,"column":null}},"12":{"start":{"line":26,"column":4},"end":{"line":26,"column":null}},"13":{"start":{"line":28,"column":4},"end":{"line":30,"column":null}},"14":{"start":{"line":29,"column":6},"end":{"line":29,"column":null}},"15":{"start":{"line":33,"column":2},"end":{"line":76,"column":null}},"16":{"start":{"line":78,"column":1},"end":{"line":9,"column":31}},"17":{"start":{"line":6,"column":18},"end":{"line":9,"column":31}},"18":{"start":{"line":9,"column":30},"end":{"line":6,"column":18}},"19":{"start":{"line":80,"column":25},"end":{"line":80,"column":null}}},"fnMap":{"0":{"name":"LoginForm","decl":{"start":{"line":6,"column":9},"end":{"line":6,"column":18}},"loc":{"start":{"line":6,"column":60},"end":{"line":78,"column":1}}},"1":{"name":"(anonymous_1)","decl":{"start":{"line":11,"column":23},"end":{"line":11,"column":24}},"loc":{"start":{"line":11,"column":30},"end":{"line":13,"column":null}}},"2":{"name":"(anonymous_2)","decl":{"start":{"line":15,"column":23},"end":{"line":15,"column":30}},"loc":{"start":{"line":15,"column":36},"end":{"line":31,"column":null}}},"3":{"name":"(anonymous_3)","decl":{"start":{"line":6,"column":18},"end":{"line":6,"column":19}},"loc":{"start":{"line":6,"column":18},"end":{"line":9,"column":31}}}},"branchMap":{"0":{"loc":{"start":{"line":6,"column":21},"end":{"line":6,"column":57}},"type":"default-arg","locations":[{"start":{"line":6,"column":42},"end":{"line":6,"column":57}}]},"1":{"loc":{"start":{"line":19,"column":4},"end":{"line":22,"column":null}},"type":"if","locations":[{"start":{"line":19,"column":4},"end":{"line":22,"column":null}}]},"2":{"loc":{"start":{"line":28,"column":4},"end":{"line":30,"column":null}},"type":"if","locations":[{"start":{"line":28,"column":4},"end":{"line":30,"column":null}}]},"3":{"loc":{"start":{"line":28,"column":8},"end":{"line":28,"column":34}},"type":"binary-expr","locations":[{"start":{"line":28,"column":8},"end":{"line":28,"column":18}},{"start":{"line":28,"column":18},"end":{"line":28,"column":34}}]},"4":{"loc":{"start":{"line":64,"column":9},"end":{"line":64,"column":null}},"type":"binary-expr","locations":[{"start":{"line":64,"column":9},"end":{"line":64,"column":22}},{"start":{"line":64,"column":22},"end":{"line":64,"column":null}}]},"5":{"loc":{"start":{"line":65,"column":9},"end":{"line":65,"column":null}},"type":"binary-expr","locations":[{"start":{"line":65,"column":9},"end":{"line":65,"column":24}},{"start":{"line":65,"column":24},"end":{"line":65,"column":null}}]}},"s":{"0":0,"1":0,"2":0,"3":0,"4":0,"5":0,"6":0,"7":0,"8":0,"9":0,"10":0,"11":0,"12":0,"13":0,"14":0,"15":0,"16":2,"17":0,"18":2,"19":2},"f":{"0":0,"1":0,"2":0,"3":0},"b":{"0":[0],"1":[0],"2":[0],"3":[0,0],"4":[0,0],"5":[0,0]}}
,"C:/Users/Laptop/Documents/Web/anime-recommendations/src/components/Questions/Questions.jsx": {"path":"C:/Users/Laptop/Documents/Web/anime-recommendations/src/components/Questions/Questions.jsx","statementMap":{"0":{"start":{"line":4,"column":2},"end":{"line":66,"column":null}},"1":{"start":{"line":15,"column":31},"end":{"line":15,"column":61}},"2":{"start":{"line":29,"column":31},"end":{"line":29,"column":61}},"3":{"start":{"line":43,"column":31},"end":{"line":43,"column":61}},"4":{"start":{"line":57,"column":31},"end":{"line":57,"column":61}},"5":{"start":{"line":68,"column":1},"end":{"line":3,"column":19}},"6":{"start":{"line":70,"column":25},"end":{"line":70,"column":null}}},"fnMap":{"0":{"name":"Questions","decl":{"start":{"line":3,"column":9},"end":{"line":3,"column":19}},"loc":{"start":{"line":3,"column":53},"end":{"line":68,"column":1}}},"1":{"name":"(anonymous_1)","decl":{"start":{"line":15,"column":24},"end":{"line":15,"column":25}},"loc":{"start":{"line":15,"column":31},"end":{"line":15,"column":61}}},"2":{"name":"(anonymous_2)","decl":{"start":{"line":29,"column":24},"end":{"line":29,"column":25}},"loc":{"start":{"line":29,"column":31},"end":{"line":29,"column":61}}},"3":{"name":"(anonymous_3)","decl":{"start":{"line":43,"column":24},"end":{"line":43,"column":25}},"loc":{"start":{"line":43,"column":31},"end":{"line":43,"column":61}}},"4":{"name":"(anonymous_4)","decl":{"start":{"line":57,"column":24},"end":{"line":57,"column":25}},"loc":{"start":{"line":57,"column":31},"end":{"line":57,"column":61}}}},"branchMap":{},"s":{"0":10,"1":1,"2":1,"3":0,"4":0,"5":2,"6":2},"f":{"0":10,"1":1,"2":1,"3":0,"4":0},"b":{}}
,"C:/Users/Laptop/Documents/Web/anime-recommendations/src/components/RegisterForm/RegisterForm.jsx": {"path":"C:/Users/Laptop/Documents/Web/anime-recommendations/src/components/RegisterForm/RegisterForm.jsx","statementMap":{"0":{"start":{"line":6,"column":63},"end":{"line":6,"column":null}},"1":{"start":{"line":7,"column":51},"end":{"line":7,"column":null}},"2":{"start":{"line":8,"column":34},"end":{"line":12,"column":null}},"3":{"start":{"line":14,"column":23},"end":{"line":16,"column":null}},"4":{"start":{"line":15,"column":4},"end":{"line":15,"column":null}},"5":{"start":{"line":18,"column":23},"end":{"line":29,"column":null}},"6":{"start":{"line":19,"column":4},"end":{"line":19,"column":null}},"7":{"start":{"line":22,"column":4},"end":{"line":25,"column":null}},"8":{"start":{"line":23,"column":6},"end":{"line":23,"column":null}},"9":{"start":{"line":24,"column":6},"end":{"line":24,"column":null}},"10":{"start":{"line":27,"column":4},"end":{"line":27,"column":null}},"11":{"start":{"line":28,"column":4},"end":{"line":28,"column":null}},"12":{"start":{"line":31,"column":2},"end":{"line":86,"column":null}},"13":{"start":{"line":88,"column":1},"end":{"line":7,"column":70}},"14":{"start":{"line":6,"column":21},"end":{"line":7,"column":70}},"15":{"start":{"line":7,"column":69},"end":{"line":6,"column":21}},"16":{"start":{"line":90,"column":28},"end":{"line":90,"column":null}}},"fnMap":{"0":{"name":"RegisterForm","decl":{"start":{"line":6,"column":9},"end":{"line":6,"column":21}},"loc":{"start":{"line":6,"column":63},"end":{"line":88,"column":1}}},"1":{"name":"(anonymous_1)","decl":{"start":{"line":14,"column":23},"end":{"line":14,"column":24}},"loc":{"start":{"line":14,"column":30},"end":{"line":16,"column":null}}},"2":{"name":"(anonymous_2)","decl":{"start":{"line":18,"column":23},"end":{"line":18,"column":30}},"loc":{"start":{"line":18,"column":36},"end":{"line":29,"column":null}}},"3":{"name":"(anonymous_3)","decl":{"start":{"line":6,"column":21},"end":{"line":6,"column":22}},"loc":{"start":{"line":6,"column":21},"end":{"line":7,"column":70}}}},"branchMap":{"0":{"loc":{"start":{"line":6,"column":24},"end":{"line":6,"column":60}},"type":"default-arg","locations":[{"start":{"line":6,"column":45},"end":{"line":6,"column":60}}]},"1":{"loc":{"start":{"line":22,"column":4},"end":{"line":25,"column":null}},"type":"if","locations":[{"start":{"line":22,"column":4},"end":{"line":25,"column":null}}]},"2":{"loc":{"start":{"line":75,"column":9},"end":{"line":75,"column":null}},"type":"binary-expr","locations":[{"start":{"line":75,"column":9},"end":{"line":75,"column":22}},{"start":{"line":75,"column":22},"end":{"line":75,"column":null}}]},"3":{"loc":{"start":{"line":76,"column":9},"end":{"line":76,"column":null}},"type":"binary-expr","locations":[{"start":{"line":76,"column":9},"end":{"line":76,"column":24}},{"start":{"line":76,"column":24},"end":{"line":76,"column":null}}]}},"s":{"0":0,"1":0,"2":0,"3":0,"4":0,"5":0,"6":0,"7":0,"8":0,"9":0,"10":0,"11":0,"12":0,"13":2,"14":0,"15":2,"16":2},"f":{"0":0,"1":0,"2":0,"3":0},"b":{"0":[0],"1":[0],"2":[0,0],"3":[0,0]}}
,"C:/Users/Laptop/Documents/Web/anime-recommendations/src/components/Results/Results.jsx": {"path":"C:/Users/Laptop/Documents/Web/anime-recommendations/src/components/Results/Results.jsx","statementMap":{"0":{"start":{"line":4,"column":2},"end":{"line":32,"column":null}},"1":{"start":{"line":34,"column":1},"end":{"line":3,"column":17}},"2":{"start":{"line":36,"column":23},"end":{"line":36,"column":null}}},"fnMap":{"0":{"name":"Results","decl":{"start":{"line":3,"column":9},"end":{"line":3,"column":17}},"loc":{"start":{"line":3,"column":59},"end":{"line":34,"column":1}}}},"branchMap":{"0":{"loc":{"start":{"line":13,"column":15},"end":{"line":16,"column":null}},"type":"binary-expr","locations":[{"start":{"line":13,"column":15},"end":{"line":13,"column":null}},{"start":{"line":14,"column":16},"end":{"line":16,"column":null}}]}},"s":{"0":4,"1":2,"2":2},"f":{"0":4},"b":{"0":[4,4]}}
,"C:/Users/Laptop/Documents/Web/anime-recommendations/src/hooks/useAnimeData.js": {"path":"C:/Users/Laptop/Documents/Web/anime-recommendations/src/hooks/useAnimeData.js","statementMap":{"0":{"start":{"line":3,"column":22},"end":{"line":81,"column":1}},"1":{"start":{"line":83,"column":28},"end":{"line":106,"column":1}},"2":{"start":{"line":84,"column":28},"end":{"line":84,"column":40}},"3":{"start":{"line":86,"column":26},"end":{"line":99,"column":3}},"4":{"start":{"line":87,"column":4},"end":{"line":87,"column":17}},"5":{"start":{"line":89,"column":28},"end":{"line":91,"column":5}},"6":{"start":{"line":90,"column":6},"end":{"line":90,"column":34}},"7":{"start":{"line":93,"column":4},"end":{"line":96,"column":5}},"8":{"start":{"line":94,"column":6},"end":{"line":94,"column":68}},"9":{"start":{"line":95,"column":6},"end":{"line":95,"column":16}},"10":{"start":{"line":98,"column":4},"end":{"line":98,"column":27}},"11":{"start":{"line":101,"column":2},"end":{"line":105,"column":4}}},"fnMap":{"0":{"name":"(anonymous_0)","decl":{"start":{"line":83,"column":28},"end":{"line":83,"column":29}},"loc":{"start":{"line":83,"column":34},"end":{"line":106,"column":1}}},"1":{"name":"(anonymous_1)","decl":{"start":{"line":86,"column":26},"end":{"line":86,"column":27}},"loc":{"start":{"line":86,"column":37},"end":{"line":99,"column":3}}},"2":{"name":"(anonymous_2)","decl":{"start":{"line":89,"column":49},"end":{"line":89,"column":54}},"loc":{"start":{"line":90,"column":6},"end":{"line":90,"column":34}}}},"branchMap":{"0":{"loc":{"start":{"line":93,"column":4},"end":{"line":96,"column":5}},"type":"if","locations":[{"start":{"line":93,"column":4},"end":{"line":96,"column":5}}]}},"s":{"0":2,"1":2,"2":14,"3":14,"4":2,"5":2,"6":26,"7":2,"8":0,"9":0,"10":2,"11":14},"f":{"0":14,"1":2,"2":26},"b":{"0":[0]}}
,"C:/Users/Laptop/Documents/Web/anime-recommendations/src/hooks/useContact.js": {"path":"C:/Users/Laptop/Documents/Web/anime-recommendations/src/hooks/useContact.js","statementMap":{"0":{"start":{"line":4,"column":26},"end":{"line":36,"column":1}},"1":{"start":{"line":5,"column":42},"end":{"line":5,"column":54}},"2":{"start":{"line":6,"column":46},"end":{"line":6,"column":58}},"3":{"start":{"line":8,"column":21},"end":{"line":8,"column":43}},"4":{"start":{"line":10,"column":22},"end":{"line":29,"column":3}},"5":{"start":{"line":11,"column":4},"end":{"line":11,"column":24}},"6":{"start":{"line":12,"column":4},"end":{"line":12,"column":26}},"7":{"start":{"line":14,"column":4},"end":{"line":28,"column":5}},"8":{"start":{"line":15,"column":23},"end":{"line":21,"column":7}},"9":{"start":{"line":22,"column":6},"end":{"line":22,"column":47}},"10":{"start":{"line":23,"column":6},"end":{"line":23,"column":31}},"11":{"start":{"line":26,"column":6},"end":{"line":26,"column":117}},"12":{"start":{"line":27,"column":6},"end":{"line":27,"column":32}},"13":{"start":{"line":31,"column":2},"end":{"line":35,"column":4}}},"fnMap":{"0":{"name":"(anonymous_0)","decl":{"start":{"line":4,"column":26},"end":{"line":4,"column":27}},"loc":{"start":{"line":4,"column":52},"end":{"line":36,"column":1}}},"1":{"name":"(anonymous_1)","decl":{"start":{"line":10,"column":22},"end":{"line":10,"column":27}},"loc":{"start":{"line":10,"column":45},"end":{"line":29,"column":3}}}},"branchMap":{"0":{"loc":{"start":{"line":4,"column":27},"end":{"line":4,"column":47}},"type":"default-arg","locations":[{"start":{"line":4,"column":43},"end":{"line":4,"column":47}}]},"1":{"loc":{"start":{"line":8,"column":21},"end":{"line":8,"column":43}},"type":"binary-expr","locations":[{"start":{"line":8,"column":21},"end":{"line":8,"column":34}},{"start":{"line":8,"column":38},"end":{"line":8,"column":43}}]},"2":{"loc":{"start":{"line":26,"column":22},"end":{"line":26,"column":115}},"type":"binary-expr","locations":[{"start":{"line":26,"column":22},"end":{"line":26,"column":56}},{"start":{"line":26,"column":60},"end":{"line":26,"column":115}}]}},"s":{"0":2,"1":0,"2":0,"3":0,"4":0,"5":0,"6":0,"7":0,"8":0,"9":0,"10":0,"11":0,"12":0,"13":0},"f":{"0":0,"1":0},"b":{"0":[0],"1":[0,0],"2":[0,0]}}
,"C:/Users/Laptop/Documents/Web/anime-recommendations/src/hooks/useUserSession.js": {"path":"C:/Users/Laptop/Documents/Web/anime-recommendations/src/hooks/useUserSession.js","statementMap":{"0":{"start":{"line":5,"column":30},"end":{"line":88,"column":1}},"1":{"start":{"line":6,"column":40},"end":{"line":6,"column":54}},"2":{"start":{"line":7,"column":36},"end":{"line":7,"column":48}},"3":{"start":{"line":8,"column":40},"end":{"line":8,"column":52}},"4":{"start":{"line":11,"column":2},"end":{"line":16,"column":9}},"5":{"start":{"line":12,"column":22},"end":{"line":12,"column":55}},"6":{"start":{"line":13,"column":4},"end":{"line":15,"column":5}},"7":{"start":{"line":14,"column":6},"end":{"line":14,"column":44}},"8":{"start":{"line":19,"column":20},"end":{"line":42,"column":3}},"9":{"start":{"line":20,"column":4},"end":{"line":20,"column":21}},"10":{"start":{"line":21,"column":4},"end":{"line":21,"column":23}},"11":{"start":{"line":23,"column":4},"end":{"line":41,"column":5}},"12":{"start":{"line":24,"column":25},"end":{"line":26,"column":41}},"13":{"start":{"line":28,"column":25},"end":{"line":32,"column":5}},"14":{"start":{"line":33,"column":8},"end":{"line":33,"column":33}},"15":{"start":{"line":34,"column":8},"end":{"line":34,"column":68}},"16":{"start":{"line":35,"column":8},"end":{"line":35,"column":55}},"17":{"start":{"line":36,"column":8},"end":{"line":36,"column":33}},"18":{"start":{"line":39,"column":6},"end":{"line":39,"column":89}},"19":{"start":{"line":40,"column":6},"end":{"line":40,"column":32}},"20":{"start":{"line":45,"column":23},"end":{"line":71,"column":3}},"21":{"start":{"line":46,"column":4},"end":{"line":46,"column":21}},"22":{"start":{"line":47,"column":4},"end":{"line":47,"column":23}},"23":{"start":{"line":48,"column":4},"end":{"line":70,"column":5}},"24":{"start":{"line":49,"column":23},"end":{"line":54,"column":8}},"25":{"start":{"line":56,"column":22},"end":{"line":60,"column":7}},"26":{"start":{"line":62,"column":6},"end":{"line":62,"column":30}},"27":{"start":{"line":63,"column":6},"end":{"line":63,"column":65}},"28":{"start":{"line":64,"column":6},"end":{"line":64,"column":69}},"29":{"start":{"line":65,"column":6},"end":{"line":65,"column":31}},"30":{"start":{"line":68,"column":6},"end":{"line":68,"column":74}},"31":{"start":{"line":69,"column":6},"end":{"line":69,"column":32}},"32":{"start":{"line":74,"column":21},"end":{"line":77,"column":3}},"33":{"start":{"line":75,"column":4},"end":{"line":75,"column":25}},"34":{"start":{"line":76,"column":4},"end":{"line":76,"column":41}},"35":{"start":{"line":79,"column":2},"end":{"line":87,"column":4}}},"fnMap":{"0":{"name":"(anonymous_0)","decl":{"start":{"line":5,"column":30},"end":{"line":5,"column":31}},"loc":{"start":{"line":5,"column":36},"end":{"line":88,"column":1}}},"1":{"name":"(anonymous_1)","decl":{"start":{"line":11,"column":12},"end":{"line":11,"column":13}},"loc":{"start":{"line":11,"column":18},"end":{"line":16,"column":3}}},"2":{"name":"(anonymous_2)","decl":{"start":{"line":19,"column":20},"end":{"line":19,"column":25}},"loc":{"start":{"line":19,"column":43},"end":{"line":42,"column":3}}},"3":{"name":"(anonymous_3)","decl":{"start":{"line":45,"column":23},"end":{"line":45,"column":28}},"loc":{"start":{"line":45,"column":43},"end":{"line":71,"column":3}}},"4":{"name":"(anonymous_4)","decl":{"start":{"line":74,"column":21},"end":{"line":74,"column":22}},"loc":{"start":{"line":74,"column":27},"end":{"line":77,"column":3}}}},"branchMap":{"0":{"loc":{"start":{"line":13,"column":4},"end":{"line":15,"column":5}},"type":"if","locations":[{"start":{"line":13,"column":4},"end":{"line":15,"column":5}}]},"1":{"loc":{"start":{"line":29,"column":12},"end":{"line":29,"column":58}},"type":"binary-expr","locations":[{"start":{"line":29,"column":12},"end":{"line":29,"column":33}},{"start":{"line":29,"column":37},"end":{"line":29,"column":58}}]},"2":{"loc":{"start":{"line":39,"column":19},"end":{"line":39,"column":87}},"type":"binary-expr","locations":[{"start":{"line":39,"column":19},"end":{"line":39,"column":48}},{"start":{"line":39,"column":52},"end":{"line":39,"column":87}}]},"3":{"loc":{"start":{"line":68,"column":19},"end":{"line":68,"column":72}},"type":"binary-expr","locations":[{"start":{"line":68,"column":19},"end":{"line":68,"column":48}},{"start":{"line":68,"column":52},"end":{"line":68,"column":72}}]}},"s":{"0":2,"1":0,"2":0,"3":0,"4":0,"5":0,"6":0,"7":0,"8":0,"9":0,"10":0,"11":0,"12":0,"13":0,"14":0,"15":0,"16":0,"17":0,"18":0,"19":0,"20":0,"21":0,"22":0,"23":0,"24":0,"25":0,"26":0,"27":0,"28":0,"29":0,"30":0,"31":0,"32":0,"33":0,"34":0,"35":0},"f":{"0":0,"1":0,"2":0,"3":0,"4":0},"b":{"0":[0],"1":[0,0],"2":[0,0],"3":[0,0]}}
,"C:/Users/Laptop/Documents/Web/anime-recommendations/src/pages/Auth/Auth.jsx": {"path":"C:/Users/Laptop/Documents/Web/anime-recommendations/src/pages/Auth/Auth.jsx","statementMap":{"0":{"start":{"line":7,"column":16},"end":{"line":7,"column":null}},"1":{"start":{"line":8,"column":19},"end":{"line":8,"column":null}},"2":{"start":{"line":9,"column":18},"end":{"line":9,"column":null}},"3":{"start":{"line":11,"column":2},"end":{"line":20,"column":null}},"4":{"start":{"line":22,"column":1},"end":{"line":8,"column":31}},"5":{"start":{"line":7,"column":13},"end":{"line":8,"column":31}},"6":{"start":{"line":8,"column":30},"end":{"line":7,"column":13}},"7":{"start":{"line":24,"column":20},"end":{"line":24,"column":null}}},"fnMap":{"0":{"name":"Auth","decl":{"start":{"line":7,"column":9},"end":{"line":7,"column":13}},"loc":{"start":{"line":7,"column":16},"end":{"line":22,"column":1}}},"1":{"name":"(anonymous_1)","decl":{"start":{"line":7,"column":13},"end":{"line":7,"column":16}},"loc":{"start":{"line":7,"column":13},"end":{"line":8,"column":31}}}},"branchMap":{"0":{"loc":{"start":{"line":9,"column":18},"end":{"line":9,"column":null}},"type":"binary-expr","locations":[{"start":{"line":9,"column":18},"end":{"line":9,"column":57}},{"start":{"line":9,"column":57},"end":{"line":9,"column":null}}]},"1":{"loc":{"start":{"line":17,"column":11},"end":{"line":17,"column":null}},"type":"cond-expr","locations":[{"start":{"line":17,"column":21},"end":{"line":17,"column":37}},{"start":{"line":17,"column":37},"end":{"line":17,"column":null}}]}},"s":{"0":0,"1":0,"2":0,"3":0,"4":2,"5":0,"6":2,"7":2},"f":{"0":0,"1":0},"b":{"0":[0,0],"1":[0,0]}}
,"C:/Users/Laptop/Documents/Web/anime-recommendations/src/pages/Contact/Contact.jsx": {"path":"C:/Users/Laptop/Documents/Web/anime-recommendations/src/pages/Contact/Contact.jsx","statementMap":{"0":{"start":{"line":6,"column":4},"end":{"line":14,"column":null}},"1":{"start":{"line":16,"column":1},"end":{"line":5,"column":19}},"2":{"start":{"line":18,"column":23},"end":{"line":18,"column":null}}},"fnMap":{"0":{"name":"Contact","decl":{"start":{"line":5,"column":9},"end":{"line":5,"column":19}},"loc":{"start":{"line":5,"column":19},"end":{"line":16,"column":1}}}},"branchMap":{},"s":{"0":0,"1":2,"2":2},"f":{"0":0},"b":{}}
,"C:/Users/Laptop/Documents/Web/anime-recommendations/src/pages/Home/Home.jsx": {"path":"C:/Users/Laptop/Documents/Web/anime-recommendations/src/pages/Home/Home.jsx","statementMap":{"0":{"start":{"line":7,"column":2},"end":{"line":12,"column":null}},"1":{"start":{"line":14,"column":1},"end":{"line":6,"column":16}},"2":{"start":{"line":16,"column":20},"end":{"line":16,"column":null}}},"fnMap":{"0":{"name":"Home","decl":{"start":{"line":6,"column":9},"end":{"line":6,"column":16}},"loc":{"start":{"line":6,"column":16},"end":{"line":14,"column":1}}}},"branchMap":{},"s":{"0":0,"1":2,"2":2},"f":{"0":0},"b":{}}
,"C:/Users/Laptop/Documents/Web/anime-recommendations/src/pages/Test/Test.jsx": {"path":"C:/Users/Laptop/Documents/Web/anime-recommendations/src/pages/Test/Test.jsx","statementMap":{"0":{"start":{"line":8,"column":16},"end":{"line":8,"column":null}},"1":{"start":{"line":9,"column":44},"end":{"line":9,"column":null}},"2":{"start":{"line":10,"column":40},"end":{"line":10,"column":null}},"3":{"start":{"line":11,"column":46},"end":{"line":11,"column":null}},"4":{"start":{"line":13,"column":37},"end":{"line":13,"column":null}},"5":{"start":{"line":15,"column":29},"end":{"line":28,"column":null}},"6":{"start":{"line":16,"column":4},"end":{"line":19,"column":null}},"7":{"start":{"line":17,"column":6},"end":{"line":17,"column":null}},"8":{"start":{"line":18,"column":6},"end":{"line":18,"column":null}},"9":{"start":{"line":21,"column":28},"end":{"line":21,"column":null}},"10":{"start":{"line":23,"column":4},"end":{"line":27,"column":null}},"11":{"start":{"line":24,"column":26},"end":{"line":24,"column":null}},"12":{"start":{"line":25,"column":6},"end":{"line":25,"column":null}},"13":{"start":{"line":26,"column":6},"end":{"line":26,"column":null}},"14":{"start":{"line":30,"column":22},"end":{"line":34,"column":null}},"15":{"start":{"line":31,"column":4},"end":{"line":31,"column":null}},"16":{"start":{"line":32,"column":4},"end":{"line":32,"column":null}},"17":{"start":{"line":33,"column":4},"end":{"line":33,"column":null}},"18":{"start":{"line":36,"column":2},"end":{"line":68,"column":null}},"19":{"start":{"line":70,"column":1},"end":{"line":13,"column":50}},"20":{"start":{"line":8,"column":13},"end":{"line":13,"column":50}},"21":{"start":{"line":13,"column":49},"end":{"line":8,"column":13}},"22":{"start":{"line":72,"column":20},"end":{"line":72,"column":null}}},"fnMap":{"0":{"name":"Test","decl":{"start":{"line":8,"column":9},"end":{"line":8,"column":13}},"loc":{"start":{"line":8,"column":16},"end":{"line":70,"column":1}}},"1":{"name":"(anonymous_1)","decl":{"start":{"line":15,"column":29},"end":{"line":15,"column":35}},"loc":{"start":{"line":15,"column":35},"end":{"line":28,"column":null}}},"2":{"name":"(anonymous_2)","decl":{"start":{"line":30,"column":22},"end":{"line":30,"column":28}},"loc":{"start":{"line":30,"column":28},"end":{"line":34,"column":null}}},"3":{"name":"(anonymous_3)","decl":{"start":{"line":8,"column":13},"end":{"line":8,"column":16}},"loc":{"start":{"line":8,"column":13},"end":{"line":13,"column":50}}}},"branchMap":{"0":{"loc":{"start":{"line":16,"column":4},"end":{"line":19,"column":null}},"type":"if","locations":[{"start":{"line":16,"column":4},"end":{"line":19,"column":null}}]},"1":{"loc":{"start":{"line":23,"column":4},"end":{"line":27,"column":null}},"type":"if","locations":[{"start":{"line":23,"column":4},"end":{"line":27,"column":null}}]},"2":{"loc":{"start":{"line":42,"column":11},"end":{"line":42,"column":null}},"type":"binary-expr","locations":[{"start":{"line":42,"column":11},"end":{"line":42,"column":20}},{"start":{"line":42,"column":20},"end":{"line":42,"column":null}}]},"3":{"loc":{"start":{"line":44,"column":11},"end":{"line":63,"column":null}},"type":"cond-expr","locations":[{"start":{"line":45,"column":12},"end":{"line":57,"column":null}},{"start":{"line":59,"column":12},"end":{"line":63,"column":null}}]}},"s":{"0":14,"1":14,"2":14,"3":14,"4":14,"5":14,"6":2,"7":0,"8":0,"9":2,"10":2,"11":2,"12":2,"13":2,"14":14,"15":1,"16":1,"17":1,"18":14,"19":2,"20":2,"21":2,"22":2},"f":{"0":14,"1":2,"2":1,"3":2},"b":{"0":[0],"1":[2],"2":[14,0],"3":[10,4]}}
,"C:/Users/Laptop/Documents/Web/anime-recommendations/src/router/AppRouter.jsx": {"path":"C:/Users/Laptop/Documents/Web/anime-recommendations/src/router/AppRouter.jsx","statementMap":{"0":{"start":{"line":9,"column":2},"end":{"line":18,"column":null}},"1":{"start":{"line":20,"column":1},"end":{"line":8,"column":21}},"2":{"start":{"line":22,"column":25},"end":{"line":22,"column":null}}},"fnMap":{"0":{"name":"AppRouter","decl":{"start":{"line":8,"column":9},"end":{"line":8,"column":21}},"loc":{"start":{"line":8,"column":21},"end":{"line":20,"column":1}}}},"branchMap":{},"s":{"0":4,"1":2,"2":2},"f":{"0":4},"b":{}}
,"C:/Users/Laptop/Documents/Web/anime-recommendations/src/router/Layout.jsx": {"path":"C:/Users/Laptop/Documents/Web/anime-recommendations/src/router/Layout.jsx","statementMap":{"0":{"start":{"line":5,"column":18},"end":{"line":5,"column":null}},"1":{"start":{"line":6,"column":19},"end":{"line":6,"column":null}},"2":{"start":{"line":7,"column":15},"end":{"line":7,"column":null}},"3":{"start":{"line":9,"column":20},"end":{"line":9,"column":null}},"4":{"start":{"line":10,"column":20},"end":{"line":10,"column":null}},"5":{"start":{"line":12,"column":2},"end":{"line":27,"column":null}},"6":{"start":{"line":13,"column":4},"end":{"line":13,"column":null}},"7":{"start":{"line":14,"column":4},"end":{"line":14,"column":null}},"8":{"start":{"line":15,"column":2},"end":{"line":27,"column":null}},"9":{"start":{"line":17,"column":4},"end":{"line":17,"column":null}},"10":{"start":{"line":18,"column":4},"end":{"line":18,"column":null}},"11":{"start":{"line":19,"column":2},"end":{"line":27,"column":null}},"12":{"start":{"line":21,"column":4},"end":{"line":21,"column":null}},"13":{"start":{"line":22,"column":4},"end":{"line":22,"column":null}},"14":{"start":{"line":23,"column":2},"end":{"line":27,"column":null}},"15":{"start":{"line":25,"column":4},"end":{"line":25,"column":null}},"16":{"start":{"line":26,"column":4},"end":{"line":26,"column":null}},"17":{"start":{"line":29,"column":2},"end":{"line":34,"column":null}},"18":{"start":{"line":36,"column":1},"end":{"line":6,"column":31}},"19":{"start":{"line":5,"column":15},"end":{"line":6,"column":31}},"20":{"start":{"line":6,"column":30},"end":{"line":5,"column":15}},"21":{"start":{"line":37,"column":22},"end":{"line":37,"column":null}}},"fnMap":{"0":{"name":"Layout","decl":{"start":{"line":5,"column":9},"end":{"line":5,"column":15}},"loc":{"start":{"line":5,"column":18},"end":{"line":36,"column":1}}},"1":{"name":"(anonymous_1)","decl":{"start":{"line":5,"column":15},"end":{"line":5,"column":18}},"loc":{"start":{"line":5,"column":15},"end":{"line":6,"column":31}}}},"branchMap":{"0":{"loc":{"start":{"line":12,"column":2},"end":{"line":27,"column":null}},"type":"if","locations":[{"start":{"line":12,"column":2},"end":{"line":27,"column":null}},{"start":{"line":15,"column":2},"end":{"line":27,"column":null}}]},"1":{"loc":{"start":{"line":12,"column":6},"end":{"line":12,"column":40}},"type":"binary-expr","locations":[{"start":{"line":12,"column":6},"end":{"line":12,"column":22}},{"start":{"line":12,"column":22},"end":{"line":12,"column":40}}]},"2":{"loc":{"start":{"line":15,"column":2},"end":{"line":27,"column":null}},"type":"if","locations":[{"start":{"line":15,"column":2},"end":{"line":27,"column":null}},{"start":{"line":19,"column":2},"end":{"line":27,"column":null}}]},"3":{"loc":{"start":{"line":19,"column":2},"end":{"line":27,"column":null}},"type":"if","locations":[{"start":{"line":19,"column":2},"end":{"line":27,"column":null}},{"start":{"line":23,"column":2},"end":{"line":27,"column":null}}]},"4":{"loc":{"start":{"line":23,"column":2},"end":{"line":27,"column":null}},"type":"if","locations":[{"start":{"line":23,"column":2},"end":{"line":27,"column":null}}]}},"s":{"0":4,"1":4,"2":4,"3":4,"4":4,"5":4,"6":0,"7":0,"8":4,"9":4,"10":4,"11":0,"12":0,"13":0,"14":0,"15":0,"16":0,"17":4,"18":2,"19":2,"20":2,"21":2},"f":{"0":4,"1":2},"b":{"0":[0,4],"1":[4,4],"2":[4,0],"3":[0,0],"4":[0]}}
}
