{"C:/Users/Laptop/Documents/Web/anime-recommendations/src/components/Features/Features.cy.jsx": {"path":"C:/Users/Laptop/Documents/Web/anime-recommendations/src/components/Features/Features.cy.jsx","statementMap":{"0":{"start":{"line":4,"column":0},"end":{"line":14,"column":null}},"1":{"start":{"line":5,"column":4},"end":{"line":13,"column":null}},"2":{"start":{"line":6,"column":8},"end":{"line":6,"column":null}},"3":{"start":{"line":8,"column":4},"end":{"line":8,"column":null}},"4":{"start":{"line":9,"column":4},"end":{"line":9,"column":null}},"5":{"start":{"line":10,"column":4},"end":{"line":10,"column":null}},"6":{"start":{"line":11,"column":4},"end":{"line":11,"column":null}},"7":{"start":{"line":12,"column":4},"end":{"line":12,"column":null}}},"fnMap":{"0":{"name":"(anonymous_0)","decl":{"start":{"line":4,"column":31},"end":{"line":4,"column":37}},"loc":{"start":{"line":4,"column":37},"end":{"line":14,"column":1}}},"1":{"name":"(anonymous_1)","decl":{"start":{"line":5,"column":56},"end":{"line":5,"column":62}},"loc":{"start":{"line":5,"column":62},"end":{"line":13,"column":5}}}},"branchMap":{},"s":{"0":2,"1":2,"2":2,"3":2,"4":2,"5":2,"6":2,"7":2},"f":{"0":2,"1":2},"b":{}}
,"C:/Users/Laptop/Documents/Web/anime-recommendations/src/components/Features/Features.jsx": {"path":"C:/Users/Laptop/Documents/Web/anime-recommendations/src/components/Features/Features.jsx","statementMap":{"0":{"start":{"line":4,"column":21},"end":{"line":19,"column":null}},"1":{"start":{"line":22,"column":4},"end":{"line":36,"column":null}},"2":{"start":{"line":28,"column":24},"end":{"line":32,"column":null}},"3":{"start":{"line":38,"column":1},"end":{"line":3,"column":20}},"4":{"start":{"line":40,"column":24},"end":{"line":40,"column":null}}},"fnMap":{"0":{"name":"Features","decl":{"start":{"line":3,"column":9},"end":{"line":3,"column":20}},"loc":{"start":{"line":3,"column":20},"end":{"line":38,"column":1}}},"1":{"name":"(anonymous_1)","decl":{"start":{"line":27,"column":34},"end":{"line":27,"column":35}},"loc":{"start":{"line":28,"column":24},"end":{"line":32,"column":null}}}},"branchMap":{},"s":{"0":2,"1":2,"2":6,"3":2,"4":2},"f":{"0":2,"1":6},"b":{}}
}
