TN:
SF:src\App.jsx
FN:5,App
FNF:1
FNH:1
FNDA:4,App
DA:6,4
DA:13,2
DA:15,2
LF:3
LH:3
BRF:0
BRH:0
end_of_record
TN:
SF:src\main.jsx
FNF:0
FNH:0
DA:6,2
LF:1
LH:1
BRF:0
BRH:0
end_of_record
TN:
SF:src\components\AuthBackground\AuthBackground.jsx
FN:1,AuthBackground
FNF:1
FNH:0
FNDA:0,AuthBackground
DA:2,0
DA:17,2
DA:19,2
LF:3
LH:2
BRDA:4,0,0,0
BRDA:4,0,1,0
BRF:2
BRH:0
end_of_record
TN:
SF:src\components\Buttons\BackButton\BackButton.jsx
FN:4,BackButton
FNF:1
FNH:1
FNDA:4,BackButton
DA:5,4
DA:10,2
DA:12,2
LF:3
LH:3
BRF:0
BRH:0
end_of_record
TN:
SF:src\components\Buttons\ContactButton\ContactButton.jsx
FN:3,ContactButton
FNF:1
FNH:0
FNDA:0,ContactButton
DA:4,0
DA:9,2
DA:11,2
LF:3
LH:2
BRF:0
BRH:0
end_of_record
TN:
SF:src\components\Buttons\GetRecButton\GetRecButton.jsx
FN:4,GetRecButton
FNF:1
FNH:0
FNDA:0,GetRecButton
DA:5,0
DA:10,2
DA:12,2
LF:3
LH:2
BRF:0
BRH:0
end_of_record
TN:
SF:src\components\Buttons\LoginButton\LoginButton.jsx
FN:3,LoginButton
FNF:1
FNH:0
FNDA:0,LoginButton
DA:4,0
DA:9,2
DA:11,2
LF:3
LH:2
BRF:0
BRH:0
end_of_record
TN:
SF:src\components\Buttons\LoginButtonFooter\LoginButtonFooter.jsx
FN:4,LoginButtonFooter
FNF:1
FNH:1
FNDA:4,LoginButtonFooter
DA:5,4
DA:10,2
DA:12,2
LF:3
LH:3
BRF:0
BRH:0
end_of_record
TN:
SF:src\components\Buttons\RegisterButton\RegisterButton.jsx
FN:3,RegisterButton
FNF:1
FNH:0
FNDA:0,RegisterButton
DA:4,0
DA:9,2
DA:11,2
LF:3
LH:2
BRF:0
BRH:0
end_of_record
TN:
SF:src\components\Buttons\RegisterButtonFooter\RegisterButtonFooter.jsx
FN:4,RegisterButtonFooter
FNF:1
FNH:1
FNDA:4,RegisterButtonFooter
DA:5,4
DA:10,2
DA:12,2
LF:3
LH:3
BRF:0
BRH:0
end_of_record
TN:
SF:src\components\Buttons\SubmitTestButton\SubmitTestButton.jsx
FN:3,SubmitTestButton
FNF:1
FNH:1
FNDA:10,SubmitTestButton
DA:4,10
DA:12,2
DA:14,2
LF:3
LH:3
BRF:0
BRH:0
end_of_record
TN:
SF:src\components\ContactForm\ContactForm.jsx
FN:6,ContactForm
FN:14,(anonymous_1)
FN:21,(anonymous_2)
FN:6,(anonymous_3)
FNF:4
FNH:0
FNDA:0,ContactForm
FNDA:0,(anonymous_1)
FNDA:0,(anonymous_2)
FNDA:0,(anonymous_3)
DA:6,0
DA:7,2
DA:8,0
DA:14,0
DA:15,0
DA:21,0
DA:22,0
DA:24,0
DA:25,0
DA:26,0
DA:29,0
DA:31,0
DA:32,0
DA:40,0
DA:91,2
DA:93,2
LF:16
LH:3
BRDA:6,0,0,0
BRDA:24,1,0,0
BRDA:31,2,0,0
BRDA:31,3,0,0
BRDA:31,3,1,0
BRDA:83,4,0,0
BRDA:83,4,1,0
BRDA:84,5,0,0
BRDA:84,5,1,0
BRF:9
BRH:0
end_of_record
TN:
SF:src\components\ContactText\ContactText.jsx
FN:3,ContactText
FNF:1
FNH:0
FNDA:0,ContactText
DA:4,0
DA:14,2
DA:16,2
LF:3
LH:2
BRF:0
BRH:0
end_of_record
TN:
SF:src\components\Features\Features.jsx
FN:3,Features
FN:27,(anonymous_1)
FNF:2
FNH:0
FNDA:0,Features
FNDA:0,(anonymous_1)
DA:4,0
DA:22,0
DA:28,0
DA:38,2
DA:40,2
LF:5
LH:2
BRF:0
BRH:0
end_of_record
TN:
SF:src\components\Footer\Footer.jsx
FN:6,Footer
FNF:1
FNH:1
FNDA:4,Footer
DA:7,4
DA:39,2
DA:41,2
LF:3
LH:3
BRDA:6,0,0,0
BRDA:6,1,0,0
BRDA:18,2,0,4
BRDA:18,2,1,4
BRDA:25,3,0,4
BRDA:25,3,1,4
BRF:6
BRH:4
end_of_record
TN:
SF:src\components\Header\Header.jsx
FN:4,Header
FNF:1
FNH:1
FNDA:4,Header
DA:5,4
DA:13,2
DA:15,2
LF:3
LH:3
BRDA:4,0,0,0
BRDA:9,1,0,4
BRDA:9,1,1,4
BRF:3
BRH:2
end_of_record
TN:
SF:src\components\Hero\Hero.jsx
FN:4,Hero
FNF:1
FNH:0
FNDA:0,Hero
DA:5,0
DA:14,2
DA:16,2
LF:3
LH:2
BRF:0
BRH:0
end_of_record
TN:
SF:src\components\Intro\Intro.jsx
FN:3,Intro
FNF:1
FNH:0
FNDA:0,Intro
DA:4,0
DA:11,2
DA:13,2
LF:3
LH:2
BRF:0
BRH:0
end_of_record
TN:
SF:src\components\LoginForm\LoginForm.jsx
FN:6,LoginForm
FN:11,(anonymous_1)
FN:15,(anonymous_2)
FN:6,(anonymous_3)
FNF:4
FNH:0
FNDA:0,LoginForm
FNDA:0,(anonymous_1)
FNDA:0,(anonymous_2)
FNDA:0,(anonymous_3)
DA:6,0
DA:7,0
DA:8,0
DA:9,2
DA:11,0
DA:12,0
DA:15,0
DA:16,0
DA:19,0
DA:20,0
DA:21,0
DA:25,0
DA:26,0
DA:28,0
DA:29,0
DA:33,0
DA:78,2
DA:80,2
LF:18
LH:3
BRDA:6,0,0,0
BRDA:19,1,0,0
BRDA:28,2,0,0
BRDA:28,3,0,0
BRDA:28,3,1,0
BRDA:64,4,0,0
BRDA:64,4,1,0
BRDA:65,5,0,0
BRDA:65,5,1,0
BRF:9
BRH:0
end_of_record
TN:
SF:src\components\Questions\Questions.jsx
FN:3,Questions
FN:15,(anonymous_1)
FN:29,(anonymous_2)
FN:43,(anonymous_3)
FN:57,(anonymous_4)
FNF:5
FNH:3
FNDA:10,Questions
FNDA:1,(anonymous_1)
FNDA:1,(anonymous_2)
FNDA:0,(anonymous_3)
FNDA:0,(anonymous_4)
DA:4,10
DA:15,1
DA:29,1
DA:43,0
DA:57,0
DA:68,2
DA:70,2
LF:7
LH:5
BRF:0
BRH:0
end_of_record
TN:
SF:src\components\RegisterForm\RegisterForm.jsx
FN:6,RegisterForm
FN:14,(anonymous_1)
FN:18,(anonymous_2)
FN:6,(anonymous_3)
FNF:4
FNH:0
FNDA:0,RegisterForm
FNDA:0,(anonymous_1)
FNDA:0,(anonymous_2)
FNDA:0,(anonymous_3)
DA:6,0
DA:7,2
DA:8,0
DA:14,0
DA:15,0
DA:18,0
DA:19,0
DA:22,0
DA:23,0
DA:24,0
DA:27,0
DA:28,0
DA:31,0
DA:88,2
DA:90,2
LF:15
LH:3
BRDA:6,0,0,0
BRDA:22,1,0,0
BRDA:75,2,0,0
BRDA:75,2,1,0
BRDA:76,3,0,0
BRDA:76,3,1,0
BRF:6
BRH:0
end_of_record
TN:
SF:src\components\Results\Results.jsx
FN:3,Results
FNF:1
FNH:1
FNDA:4,Results
DA:4,4
DA:34,2
DA:36,2
LF:3
LH:3
BRDA:13,0,0,4
BRDA:13,0,1,4
BRF:2
BRH:2
end_of_record
TN:
SF:src\hooks\useAnimeData.js
FN:83,(anonymous_0)
FN:86,(anonymous_1)
FN:89,(anonymous_2)
FNF:3
FNH:3
FNDA:14,(anonymous_0)
FNDA:2,(anonymous_1)
FNDA:26,(anonymous_2)
DA:3,2
DA:83,2
DA:84,14
DA:86,14
DA:87,2
DA:89,2
DA:90,26
DA:93,2
DA:94,0
DA:95,0
DA:98,2
DA:101,14
LF:12
LH:10
BRDA:93,0,0,0
BRF:1
BRH:0
end_of_record
TN:
SF:src\hooks\useContact.js
FN:4,(anonymous_0)
FN:10,(anonymous_1)
FNF:2
FNH:0
FNDA:0,(anonymous_0)
FNDA:0,(anonymous_1)
DA:4,2
DA:5,0
DA:6,0
DA:8,0
DA:10,0
DA:11,0
DA:12,0
DA:14,0
DA:15,0
DA:22,0
DA:23,0
DA:26,0
DA:27,0
DA:31,0
LF:14
LH:1
BRDA:4,0,0,0
BRDA:8,1,0,0
BRDA:8,1,1,0
BRDA:26,2,0,0
BRDA:26,2,1,0
BRF:5
BRH:0
end_of_record
TN:
SF:src\hooks\useUserSession.js
FN:5,(anonymous_0)
FN:11,(anonymous_1)
FN:19,(anonymous_2)
FN:45,(anonymous_3)
FN:74,(anonymous_4)
FNF:5
FNH:0
FNDA:0,(anonymous_0)
FNDA:0,(anonymous_1)
FNDA:0,(anonymous_2)
FNDA:0,(anonymous_3)
FNDA:0,(anonymous_4)
DA:5,2
DA:6,0
DA:7,0
DA:8,0
DA:11,0
DA:12,0
DA:13,0
DA:14,0
DA:19,0
DA:20,0
DA:21,0
DA:23,0
DA:24,0
DA:28,0
DA:33,0
DA:34,0
DA:35,0
DA:36,0
DA:39,0
DA:40,0
DA:45,0
DA:46,0
DA:47,0
DA:48,0
DA:49,0
DA:56,0
DA:62,0
DA:63,0
DA:64,0
DA:65,0
DA:68,0
DA:69,0
DA:74,0
DA:75,0
DA:76,0
DA:79,0
LF:36
LH:1
BRDA:13,0,0,0
BRDA:29,1,0,0
BRDA:29,1,1,0
BRDA:39,2,0,0
BRDA:39,2,1,0
BRDA:68,3,0,0
BRDA:68,3,1,0
BRF:7
BRH:0
end_of_record
TN:
SF:src\pages\Auth\Auth.jsx
FN:7,Auth
FN:7,(anonymous_1)
FNF:2
FNH:0
FNDA:0,Auth
FNDA:0,(anonymous_1)
DA:7,0
DA:8,2
DA:9,0
DA:11,0
DA:22,2
DA:24,2
LF:6
LH:3
BRDA:9,0,0,0
BRDA:9,0,1,0
BRDA:17,1,0,0
BRDA:17,1,1,0
BRF:4
BRH:0
end_of_record
TN:
SF:src\pages\Contact\Contact.jsx
FN:5,Contact
FNF:1
FNH:0
FNDA:0,Contact
DA:6,0
DA:16,2
DA:18,2
LF:3
LH:2
BRF:0
BRH:0
end_of_record
TN:
SF:src\pages\Home\Home.jsx
FN:6,Home
FNF:1
FNH:0
FNDA:0,Home
DA:7,0
DA:14,2
DA:16,2
LF:3
LH:2
BRF:0
BRH:0
end_of_record
TN:
SF:src\pages\Test\Test.jsx
FN:8,Test
FN:15,(anonymous_1)
FN:30,(anonymous_2)
FN:8,(anonymous_3)
FNF:4
FNH:4
FNDA:14,Test
FNDA:2,(anonymous_1)
FNDA:1,(anonymous_2)
FNDA:2,(anonymous_3)
DA:8,14
DA:9,14
DA:10,14
DA:11,14
DA:13,14
DA:15,14
DA:16,2
DA:17,0
DA:18,0
DA:21,2
DA:23,2
DA:24,2
DA:25,2
DA:26,2
DA:30,14
DA:31,1
DA:32,1
DA:33,1
DA:36,14
DA:70,2
DA:72,2
LF:21
LH:19
BRDA:16,0,0,0
BRDA:23,1,0,2
BRDA:42,2,0,14
BRDA:42,2,1,0
BRDA:44,3,0,10
BRDA:44,3,1,4
BRF:6
BRH:4
end_of_record
TN:
SF:src\router\AppRouter.jsx
FN:8,AppRouter
FNF:1
FNH:1
FNDA:4,AppRouter
DA:9,4
DA:20,2
DA:22,2
LF:3
LH:3
BRF:0
BRH:0
end_of_record
TN:
SF:src\router\Layout.jsx
FN:5,Layout
FN:5,(anonymous_1)
FNF:2
FNH:2
FNDA:4,Layout
FNDA:2,(anonymous_1)
DA:5,4
DA:6,4
DA:7,4
DA:9,4
DA:10,4
DA:12,4
DA:13,0
DA:14,0
DA:15,4
DA:17,4
DA:18,4
DA:19,0
DA:21,0
DA:22,0
DA:23,0
DA:25,0
DA:26,0
DA:29,4
DA:36,2
DA:37,2
LF:20
LH:12
BRDA:12,0,0,0
BRDA:12,0,1,4
BRDA:12,1,0,4
BRDA:12,1,1,4
BRDA:15,2,0,4
BRDA:15,2,1,0
BRDA:19,3,0,0
BRDA:19,3,1,0
BRDA:23,4,0,0
BRF:9
BRH:4
end_of_record
